<?xml version="1.0" encoding="UTF-8"?>
<coverage generated="1749633484364" clover="3.2.0">
  <project timestamp="1749633484364" name="All files">
    <metrics statements="342" coveredstatements="279" conditionals="147" coveredconditionals="112" methods="102" coveredmethods="92" elements="591" coveredelements="483" complexity="0" loc="342" ncloc="342" packages="1" files="8" classes="8"/>
    <file name="Board.js" path="C:\Users\U.Ramanchanka\Desktop\challenge\edu-ai-challenge-2025\task 7\src\Board.js">
      <metrics statements="67" coveredstatements="66" conditionals="33" coveredconditionals="31" methods="20" coveredmethods="20"/>
      <line num="14" count="57" type="stmt"/>
      <line num="15" count="57" type="stmt"/>
      <line num="16" count="57" type="stmt"/>
      <line num="17" count="57" type="stmt"/>
      <line num="25" count="85" type="stmt"/>
      <line num="26" count="850" type="stmt"/>
      <line num="36" count="25" type="stmt"/>
      <line num="37" count="25" type="stmt"/>
      <line num="39" count="25" type="stmt"/>
      <line num="40" count="25" type="stmt"/>
      <line num="41" count="25" type="stmt"/>
      <line num="43" count="25" type="cond" truecount="2" falsecount="0"/>
      <line num="44" count="1067" type="stmt"/>
      <line num="46" count="1067" type="cond" truecount="2" falsecount="0"/>
      <line num="47" count="1067" type="stmt"/>
      <line num="49" count="1067" type="cond" truecount="2" falsecount="0"/>
      <line num="50" count="88" type="stmt"/>
      <line num="51" count="88" type="stmt"/>
      <line num="52" count="88" type="stmt"/>
      <line num="53" count="88" type="stmt"/>
      <line num="57" count="25" type="stmt"/>
      <line num="66" count="1067" type="cond" truecount="2" falsecount="0"/>
      <line num="67" count="524" type="stmt"/>
      <line num="72" count="543" type="stmt"/>
      <line num="87" count="1071" type="stmt"/>
      <line num="88" count="1458" type="cond" truecount="2" falsecount="0"/>
      <line num="89" count="1458" type="cond" truecount="2" falsecount="0"/>
      <line num="91" count="1458" type="cond" truecount="4" falsecount="0"/>
      <line num="93" count="981" type="stmt"/>
      <line num="96" count="90" type="stmt"/>
      <line num="107" count="88" type="stmt"/>
      <line num="109" count="88" type="stmt"/>
      <line num="110" count="264" type="cond" truecount="2" falsecount="0"/>
      <line num="111" count="264" type="cond" truecount="2" falsecount="0"/>
      <line num="112" count="264" type="stmt"/>
      <line num="115" count="88" type="stmt"/>
      <line num="123" count="88" type="stmt"/>
      <line num="124" count="264" type="stmt"/>
      <line num="125" count="264" type="stmt"/>
      <line num="127" count="264" type="cond" truecount="2" falsecount="0"/>
      <line num="128" count="54" type="stmt"/>
      <line num="131" count="210" type="stmt"/>
      <line num="142" count="24" type="cond" truecount="2" falsecount="0"/>
      <line num="143" count="1" type="stmt"/>
      <line num="151" count="23" type="stmt"/>
      <line num="152" count="23" type="stmt"/>
      <line num="153" count="23" type="stmt"/>
      <line num="156" count="23" type="stmt"/>
      <line num="157" count="33" type="cond" truecount="2" falsecount="0"/>
      <line num="158" count="16" type="cond" truecount="1" falsecount="1"/>
      <line num="159" count="0" type="stmt"/>
      <line num="167" count="16" type="stmt"/>
      <line num="168" count="16" type="stmt"/>
      <line num="170" count="16" type="stmt"/>
      <line num="180" count="7" type="stmt"/>
      <line num="181" count="7" type="stmt"/>
      <line num="194" count="22" type="stmt"/>
      <line num="202" count="3" type="stmt"/>
      <line num="212" count="7" type="cond" truecount="2" falsecount="0"/>
      <line num="213" count="2" type="stmt"/>
      <line num="215" count="5" type="stmt"/>
      <line num="223" count="480" type="stmt"/>
      <line num="231" count="19" type="stmt"/>
      <line num="239" count="4" type="stmt"/>
      <line num="246" count="3" type="stmt"/>
      <line num="247" count="3" type="stmt"/>
      <line num="248" count="3" type="stmt"/>
    </file>
    <file name="CPU.js" path="C:\Users\U.Ramanchanka\Desktop\challenge\edu-ai-challenge-2025\task 7\src\CPU.js">
      <metrics statements="59" coveredstatements="59" conditionals="28" coveredconditionals="26" methods="24" coveredmethods="24"/>
      <line num="13" count="44" type="stmt"/>
      <line num="14" count="44" type="stmt"/>
      <line num="15" count="44" type="stmt"/>
      <line num="16" count="44" type="stmt"/>
      <line num="17" count="44" type="stmt"/>
      <line num="27" count="4" type="stmt"/>
      <line num="28" count="4" type="stmt"/>
      <line num="30" count="4" type="stmt"/>
      <line num="31" count="4" type="cond" truecount="4" falsecount="0"/>
      <line num="32" count="1" type="stmt"/>
      <line num="34" count="3" type="stmt"/>
      <line num="35" count="3" type="stmt"/>
      <line num="37" count="4" type="stmt"/>
      <line num="41" count="4" type="stmt"/>
      <line num="43" count="4" type="stmt"/>
      <line num="51" count="4" type="stmt"/>
      <line num="52" count="4" type="stmt"/>
      <line num="53" count="4" type="stmt"/>
      <line num="61" count="2" type="cond" truecount="2" falsecount="0"/>
      <line num="62" count="1" type="stmt"/>
      <line num="63" count="1" type="stmt"/>
      <line num="66" count="1" type="stmt"/>
      <line num="76" count="5" type="cond" truecount="2" falsecount="0"/>
      <line num="77" count="2" type="stmt"/>
      <line num="79" count="2" type="cond" truecount="2" falsecount="0"/>
      <line num="81" count="1" type="stmt"/>
      <line num="82" count="1" type="stmt"/>
      <line num="85" count="1" type="stmt"/>
      <line num="86" count="1" type="stmt"/>
      <line num="90" count="3" type="cond" truecount="4" falsecount="0"/>
      <line num="91" count="1" type="stmt"/>
      <line num="101" count="4" type="stmt"/>
      <line num="102" count="4" type="stmt"/>
      <line num="104" count="4" type="stmt"/>
      <line num="106" count="4" type="stmt"/>
      <line num="107" count="14" type="stmt"/>
      <line num="110" count="14" type="cond" truecount="4" falsecount="0"/>
      <line num="112" count="13" type="stmt"/>
      <line num="122" count="14" type="cond" truecount="1" falsecount="1"/>
      <line num="123" count="14" type="stmt"/>
      <line num="136" count="9" type="stmt"/>
      <line num="148" count="30" type="stmt"/>
      <line num="156" count="8" type="stmt"/>
      <line num="164" count="11" type="stmt"/>
      <line num="172" count="4" type="stmt"/>
      <line num="180" count="27" type="stmt"/>
      <line num="188" count="15" type="stmt"/>
      <line num="196" count="10" type="cond" truecount="2" falsecount="0"/>
      <line num="197" count="4" type="stmt"/>
      <line num="205" count="1" type="stmt"/>
      <line num="213" count="1" type="stmt"/>
      <line num="220" count="2" type="stmt"/>
      <line num="221" count="2" type="stmt"/>
      <line num="222" count="2" type="stmt"/>
      <line num="223" count="2" type="stmt"/>
      <line num="231" count="5" type="stmt"/>
      <line num="246" count="5" type="stmt"/>
      <line num="254" count="2" type="cond" truecount="2" falsecount="0"/>
      <line num="262" count="1" type="stmt"/>
    </file>
    <file name="Display.js" path="C:\Users\U.Ramanchanka\Desktop\challenge\edu-ai-challenge-2025\task 7\src\Display.js">
      <metrics statements="53" coveredstatements="37" conditionals="10" coveredconditionals="5" methods="13" coveredmethods="8"/>
      <line num="13" count="2" type="stmt"/>
      <line num="16" count="2" type="stmt"/>
      <line num="17" count="2" type="stmt"/>
      <line num="20" count="2" type="stmt"/>
      <line num="21" count="20" type="stmt"/>
      <line num="22" count="20" type="stmt"/>
      <line num="23" count="20" type="stmt"/>
      <line num="25" count="2" type="stmt"/>
      <line num="33" count="2" type="stmt"/>
      <line num="34" count="2" type="stmt"/>
      <line num="35" count="20" type="stmt"/>
      <line num="37" count="2" type="stmt"/>
      <line num="47" count="40" type="stmt"/>
      <line num="48" count="40" type="stmt"/>
      <line num="50" count="400" type="cond" truecount="1" falsecount="1"/>
      <line num="51" count="400" type="stmt"/>
      <line num="53" count="40" type="stmt"/>
      <line num="62" count="0" type="stmt"/>
      <line num="64" count="0" type="stmt"/>
      <line num="65" count="0" type="stmt"/>
      <line num="67" count="0" type="stmt"/>
      <line num="68" count="0" type="stmt"/>
      <line num="69" count="0" type="stmt"/>
      <line num="71" count="0" type="stmt"/>
      <line num="79" count="16" type="stmt"/>
      <line num="87" count="1" type="stmt"/>
      <line num="95" count="6" type="stmt"/>
      <line num="103" count="0" type="stmt"/>
      <line num="111" count="2" type="stmt"/>
      <line num="112" count="2" type="stmt"/>
      <line num="113" count="2" type="stmt"/>
      <line num="114" count="2" type="stmt"/>
      <line num="115" count="2" type="stmt"/>
      <line num="116" count="2" type="cond" truecount="1" falsecount="1"/>
      <line num="117" count="2" type="stmt"/>
      <line num="124" count="0" type="stmt"/>
      <line num="125" count="0" type="stmt"/>
      <line num="126" count="0" type="stmt"/>
      <line num="127" count="0" type="stmt"/>
      <line num="128" count="0" type="stmt"/>
      <line num="129" count="0" type="stmt"/>
      <line num="138" count="2" type="stmt"/>
      <line num="139" count="2" type="stmt"/>
      <line num="141" count="2" type="cond" truecount="2" falsecount="0"/>
      <line num="142" count="1" type="stmt"/>
      <line num="143" count="1" type="stmt"/>
      <line num="145" count="1" type="stmt"/>
      <line num="146" count="1" type="stmt"/>
      <line num="149" count="2" type="stmt"/>
      <line num="151" count="2" type="cond" truecount="1" falsecount="1"/>
      <line num="152" count="2" type="stmt"/>
      <line num="160" count="0" type="stmt"/>
      <line num="167" count="0" type="stmt"/>
    </file>
    <file name="Game.js" path="C:\Users\U.Ramanchanka\Desktop\challenge\edu-ai-challenge-2025\task 7\src\Game.js">
      <metrics statements="93" coveredstatements="48" conditionals="38" coveredconditionals="13" methods="13" coveredmethods="8"/>
      <line num="16" count="17" type="stmt"/>
      <line num="17" count="17" type="stmt"/>
      <line num="18" count="17" type="stmt"/>
      <line num="19" count="17" type="stmt"/>
      <line num="20" count="17" type="stmt"/>
      <line num="21" count="17" type="stmt"/>
      <line num="22" count="17" type="stmt"/>
      <line num="23" count="17" type="stmt"/>
      <line num="26" count="17" type="stmt"/>
      <line num="36" count="0" type="stmt"/>
      <line num="38" count="0" type="cond" truecount="0" falsecount="2"/>
      <line num="39" count="0" type="stmt"/>
      <line num="40" count="0" type="stmt"/>
      <line num="42" count="0" type="stmt"/>
      <line num="43" count="0" type="stmt"/>
      <line num="52" count="7" type="stmt"/>
      <line num="55" count="7" type="stmt"/>
      <line num="56" count="7" type="stmt"/>
      <line num="58" count="7" type="cond" truecount="4" falsecount="0"/>
      <line num="59" count="1" type="stmt"/>
      <line num="60" count="1" type="stmt"/>
      <line num="63" count="6" type="stmt"/>
      <line num="64" count="6" type="stmt"/>
      <line num="66" count="6" type="stmt"/>
      <line num="73" count="0" type="stmt"/>
      <line num="75" count="0" type="cond" truecount="0" falsecount="2"/>
      <line num="76" count="0" type="stmt"/>
      <line num="77" count="0" type="stmt"/>
      <line num="80" count="0" type="cond" truecount="0" falsecount="2"/>
      <line num="81" count="0" type="stmt"/>
      <line num="82" count="0" type="stmt"/>
      <line num="86" count="0" type="stmt"/>
      <line num="89" count="0" type="stmt"/>
      <line num="91" count="0" type="cond" truecount="0" falsecount="2"/>
      <line num="92" count="0" type="stmt"/>
      <line num="96" count="0" type="cond" truecount="0" falsecount="2"/>
      <line num="97" count="0" type="stmt"/>
      <line num="98" count="0" type="stmt"/>
      <line num="102" count="0" type="stmt"/>
      <line num="105" count="0" type="cond" truecount="0" falsecount="2"/>
      <line num="106" count="0" type="stmt"/>
      <line num="107" count="0" type="stmt"/>
      <line num="117" count="0" type="stmt"/>
      <line num="118" count="0" type="stmt"/>
      <line num="119" count="0" type="stmt"/>
      <line num="121" count="0" type="cond" truecount="0" falsecount="2"/>
      <line num="122" count="0" type="stmt"/>
      <line num="123" count="0" type="stmt"/>
      <line num="124" count="0" type="stmt"/>
      <line num="128" count="0" type="stmt"/>
      <line num="130" count="0" type="cond" truecount="0" falsecount="2"/>
      <line num="131" count="0" type="stmt"/>
      <line num="132" count="0" type="stmt"/>
      <line num="133" count="0" type="stmt"/>
      <line num="137" count="0" type="cond" truecount="0" falsecount="2"/>
      <line num="138" count="0" type="stmt"/>
      <line num="139" count="0" type="cond" truecount="0" falsecount="2"/>
      <line num="140" count="0" type="stmt"/>
      <line num="143" count="0" type="stmt"/>
      <line num="146" count="0" type="stmt"/>
      <line num="155" count="1" type="stmt"/>
      <line num="158" count="1" type="stmt"/>
      <line num="161" count="1" type="stmt"/>
      <line num="164" count="1" type="stmt"/>
      <line num="167" count="1" type="cond" truecount="1" falsecount="1"/>
      <line num="168" count="0" type="stmt"/>
      <line num="169" count="0" type="cond" truecount="0" falsecount="2"/>
      <line num="170" count="0" type="stmt"/>
      <line num="173" count="1" type="stmt"/>
      <line num="177" count="1" type="stmt"/>
      <line num="178" count="1" type="stmt"/>
      <line num="186" count="2" type="stmt"/>
      <line num="187" count="2" type="stmt"/>
      <line num="188" count="2" type="cond" truecount="2" falsecount="0"/>
      <line num="191" count="2" type="stmt"/>
      <line num="194" count="2" type="stmt"/>
      <line num="195" count="2" type="stmt"/>
      <line num="198" count="2" type="stmt"/>
      <line num="209" count="2" type="stmt"/>
      <line num="212" count="2" type="stmt"/>
      <line num="220" count="3" type="stmt"/>
      <line num="238" count="1" type="stmt"/>
      <line num="239" count="1" type="stmt"/>
      <line num="240" count="1" type="stmt"/>
      <line num="241" count="1" type="stmt"/>
      <line num="242" count="1" type="stmt"/>
      <line num="243" count="1" type="stmt"/>
      <line num="244" count="1" type="stmt"/>
      <line num="245" count="1" type="stmt"/>
      <line num="252" count="17" type="cond" truecount="1" falsecount="1"/>
      <line num="253" count="17" type="stmt"/>
      <line num="262" count="2" type="cond" truecount="4" falsecount="0"/>
      <line num="266" count="2" type="stmt"/>
    </file>
    <file name="Player.js" path="C:\Users\U.Ramanchanka\Desktop\challenge\edu-ai-challenge-2025\task 7\src\Player.js">
      <metrics statements="29" coveredstatements="28" conditionals="21" coveredconditionals="20" methods="14" coveredmethods="14"/>
      <line num="13" count="45" type="stmt"/>
      <line num="14" count="45" type="stmt"/>
      <line num="24" count="13" type="cond" truecount="4" falsecount="0"/>
      <line num="25" count="4" type="stmt"/>
      <line num="33" count="9" type="stmt"/>
      <line num="36" count="9" type="cond" truecount="4" falsecount="0"/>
      <line num="37" count="2" type="stmt"/>
      <line num="45" count="7" type="cond" truecount="1" falsecount="1"/>
      <line num="46" count="0" type="stmt"/>
      <line num="53" count="7" type="stmt"/>
      <line num="56" count="7" type="cond" truecount="2" falsecount="0"/>
      <line num="57" count="2" type="stmt"/>
      <line num="64" count="5" type="stmt"/>
      <line num="77" count="5" type="stmt"/>
      <line num="79" count="5" type="cond" truecount="2" falsecount="0"/>
      <line num="80" count="2" type="stmt"/>
      <line num="88" count="3" type="stmt"/>
      <line num="90" count="3" type="stmt"/>
      <line num="102" count="17" type="cond" truecount="2" falsecount="0"/>
      <line num="103" count="16" type="stmt"/>
      <line num="116" count="28" type="stmt"/>
      <line num="124" count="16" type="stmt"/>
      <line num="132" count="7" type="stmt"/>
      <line num="140" count="3" type="cond" truecount="2" falsecount="0"/>
      <line num="149" count="2" type="stmt"/>
      <line num="157" count="4" type="stmt"/>
      <line num="169" count="6" type="stmt"/>
      <line num="177" count="3" type="cond" truecount="2" falsecount="0"/>
      <line num="185" count="1" type="stmt"/>
    </file>
    <file name="Ship.js" path="C:\Users\U.Ramanchanka\Desktop\challenge\edu-ai-challenge-2025\task 7\src\Ship.js">
      <metrics statements="18" coveredstatements="18" conditionals="9" coveredconditionals="9" methods="11" coveredmethods="11"/>
      <line num="12" count="132" type="stmt"/>
      <line num="13" count="132" type="stmt"/>
      <line num="22" count="37" type="stmt"/>
      <line num="23" count="37" type="cond" truecount="4" falsecount="0"/>
      <line num="24" count="35" type="stmt"/>
      <line num="25" count="35" type="stmt"/>
      <line num="27" count="2" type="stmt"/>
      <line num="36" count="21" type="stmt"/>
      <line num="37" count="21" type="cond" truecount="2" falsecount="0"/>
      <line num="46" count="38" type="stmt"/>
      <line num="54" count="129" type="stmt"/>
      <line num="62" count="27" type="stmt"/>
      <line num="70" count="6" type="stmt"/>
      <line num="78" count="21" type="stmt"/>
      <line num="79" count="21" type="stmt"/>
      <line num="80" count="21" type="stmt"/>
      <line num="88" count="3" type="cond" truecount="2" falsecount="0"/>
      <line num="89" count="3" type="stmt"/>
    </file>
    <file name="constants.js" path="C:\Users\U.Ramanchanka\Desktop\challenge\edu-ai-challenge-2025\task 7\src\constants.js">
      <metrics statements="6" coveredstatements="6" conditionals="0" coveredconditionals="0" methods="0" coveredmethods="0"/>
      <line num="2" count="6" type="stmt"/>
      <line num="3" count="6" type="stmt"/>
      <line num="4" count="6" type="stmt"/>
      <line num="7" count="6" type="stmt"/>
      <line num="15" count="6" type="stmt"/>
      <line num="21" count="6" type="stmt"/>
    </file>
    <file name="utils.js" path="C:\Users\U.Ramanchanka\Desktop\challenge\edu-ai-challenge-2025\task 7\src\utils.js">
      <metrics statements="17" coveredstatements="17" conditionals="8" coveredconditionals="8" methods="7" coveredmethods="7"/>
      <line num="9" count="5" type="stmt"/>
      <line num="10" count="1508" type="cond" truecount="4" falsecount="0"/>
      <line num="19" count="5" type="stmt"/>
      <line num="20" count="285" type="stmt"/>
      <line num="28" count="5" type="stmt"/>
      <line num="29" count="17" type="cond" truecount="4" falsecount="0"/>
      <line num="30" count="5" type="stmt"/>
      <line num="33" count="12" type="stmt"/>
      <line num="34" count="12" type="stmt"/>
      <line num="36" count="12" type="stmt"/>
      <line num="45" count="5" type="stmt"/>
      <line num="46" count="7" type="stmt"/>
      <line num="53" count="28" type="stmt"/>
      <line num="62" count="5" type="stmt"/>
      <line num="63" count="2243" type="stmt"/>
      <line num="70" count="5" type="stmt"/>
      <line num="71" count="1177" type="stmt"/>
    </file>
  </project>
</coverage>
