{"C:\\Users\\U.Ramanchanka\\Desktop\\challenge\\edu-ai-challenge-2025\\task 7\\src\\Board.js": {"path":"C:\\Users\\U.Ramanchanka\\Desktop\\challenge\\edu-ai-challenge-2025\\task 7\\src\\Board.js","statementMap":{"0":{"start":{"line":14,"column":4},"end":{"line":14,"column":31}},"1":{"start":{"line":15,"column":4},"end":{"line":15,"column":39}},"2":{"start":{"line":16,"column":4},"end":{"line":16,"column":20}},"3":{"start":{"line":17,"column":4},"end":{"line":17,"column":29}},"4":{"start":{"line":25,"column":4},"end":{"line":27,"column":6}},"5":{"start":{"line":26,"column":6},"end":{"line":26,"column":47}},"6":{"start":{"line":36,"column":4},"end":{"line":36,"column":20}},"7":{"start":{"line":37,"column":4},"end":{"line":37,"column":39}},"8":{"start":{"line":39,"column":22},"end":{"line":39,"column":23}},"9":{"start":{"line":40,"column":19},"end":{"line":40,"column":20}},"10":{"start":{"line":41,"column":24},"end":{"line":41,"column":28}},"11":{"start":{"line":43,"column":4},"end":{"line":55,"column":5}},"12":{"start":{"line":44,"column":6},"end":{"line":44,"column":17}},"13":{"start":{"line":46,"column":26},"end":{"line":46,"column":72}},"14":{"start":{"line":47,"column":37},"end":{"line":47,"column":77}},"15":{"start":{"line":49,"column":6},"end":{"line":54,"column":7}},"16":{"start":{"line":50,"column":21},"end":{"line":50,"column":69}},"17":{"start":{"line":51,"column":8},"end":{"line":51,"column":30}},"18":{"start":{"line":52,"column":8},"end":{"line":52,"column":34}},"19":{"start":{"line":53,"column":8},"end":{"line":53,"column":22}},"20":{"start":{"line":57,"column":4},"end":{"line":57,"column":36}},"21":{"start":{"line":66,"column":4},"end":{"line":76,"column":5}},"22":{"start":{"line":67,"column":6},"end":{"line":70,"column":8}},"23":{"start":{"line":72,"column":6},"end":{"line":75,"column":8}},"24":{"start":{"line":87,"column":4},"end":{"line":95,"column":5}},"25":{"start":{"line":87,"column":17},"end":{"line":87,"column":18}},"26":{"start":{"line":88,"column":18},"end":{"line":88,"column":72}},"27":{"start":{"line":89,"column":18},"end":{"line":89,"column":72}},"28":{"start":{"line":91,"column":6},"end":{"line":94,"column":7}},"29":{"start":{"line":93,"column":8},"end":{"line":93,"column":21}},"30":{"start":{"line":96,"column":4},"end":{"line":96,"column":16}},"31":{"start":{"line":107,"column":22},"end":{"line":107,"column":24}},"32":{"start":{"line":109,"column":4},"end":{"line":113,"column":5}},"33":{"start":{"line":109,"column":17},"end":{"line":109,"column":18}},"34":{"start":{"line":110,"column":18},"end":{"line":110,"column":72}},"35":{"start":{"line":111,"column":18},"end":{"line":111,"column":72}},"36":{"start":{"line":112,"column":6},"end":{"line":112,"column":49}},"37":{"start":{"line":115,"column":4},"end":{"line":115,"column":31}},"38":{"start":{"line":123,"column":4},"end":{"line":133,"column":7}},"39":{"start":{"line":124,"column":18},"end":{"line":124,"column":39}},"40":{"start":{"line":125,"column":18},"end":{"line":125,"column":39}},"41":{"start":{"line":127,"column":6},"end":{"line":132,"column":7}},"42":{"start":{"line":128,"column":8},"end":{"line":128,"column":47}},"43":{"start":{"line":131,"column":8},"end":{"line":131,"column":44}},"44":{"start":{"line":142,"column":4},"end":{"line":149,"column":5}},"45":{"start":{"line":143,"column":6},"end":{"line":148,"column":8}},"46":{"start":{"line":151,"column":4},"end":{"line":151,"column":33}},"47":{"start":{"line":152,"column":16},"end":{"line":152,"column":39}},"48":{"start":{"line":153,"column":16},"end":{"line":153,"column":39}},"49":{"start":{"line":156,"column":4},"end":{"line":177,"column":5}},"50":{"start":{"line":157,"column":6},"end":{"line":176,"column":7}},"51":{"start":{"line":158,"column":8},"end":{"line":165,"column":9}},"52":{"start":{"line":159,"column":10},"end":{"line":164,"column":12}},"53":{"start":{"line":167,"column":8},"end":{"line":167,"column":29}},"54":{"start":{"line":168,"column":8},"end":{"line":168,"column":46}},"55":{"start":{"line":170,"column":8},"end":{"line":175,"column":10}},"56":{"start":{"line":180,"column":4},"end":{"line":180,"column":43}},"57":{"start":{"line":181,"column":4},"end":{"line":186,"column":6}},"58":{"start":{"line":194,"column":4},"end":{"line":194,"column":60}},"59":{"start":{"line":194,"column":37},"end":{"line":194,"column":51}},"60":{"start":{"line":202,"column":4},"end":{"line":202,"column":47}},"61":{"start":{"line":212,"column":4},"end":{"line":214,"column":5}},"62":{"start":{"line":213,"column":6},"end":{"line":213,"column":31}},"63":{"start":{"line":215,"column":4},"end":{"line":215,"column":31}},"64":{"start":{"line":223,"column":4},"end":{"line":223,"column":42}},"65":{"start":{"line":223,"column":32},"end":{"line":223,"column":40}},"66":{"start":{"line":231,"column":4},"end":{"line":231,"column":48}},"67":{"start":{"line":231,"column":34},"end":{"line":231,"column":46}},"68":{"start":{"line":239,"column":4},"end":{"line":239,"column":33}},"69":{"start":{"line":246,"column":4},"end":{"line":246,"column":39}},"70":{"start":{"line":247,"column":4},"end":{"line":247,"column":20}},"71":{"start":{"line":248,"column":4},"end":{"line":248,"column":29}}},"fnMap":{"0":{"name":"(anonymous_0)","decl":{"start":{"line":13,"column":2},"end":{"line":13,"column":3}},"loc":{"start":{"line":13,"column":33},"end":{"line":18,"column":3}},"line":13},"1":{"name":"(anonymous_1)","decl":{"start":{"line":24,"column":2},"end":{"line":24,"column":3}},"loc":{"start":{"line":24,"column":20},"end":{"line":28,"column":3}},"line":24},"2":{"name":"(anonymous_2)","decl":{"start":{"line":25,"column":44},"end":{"line":25,"column":45}},"loc":{"start":{"line":26,"column":6},"end":{"line":26,"column":47}},"line":26},"3":{"name":"(anonymous_3)","decl":{"start":{"line":35,"column":2},"end":{"line":35,"column":3}},"loc":{"start":{"line":35,"column":31},"end":{"line":58,"column":3}},"line":35},"4":{"name":"(anonymous_4)","decl":{"start":{"line":65,"column":2},"end":{"line":65,"column":3}},"loc":{"start":{"line":65,"column":38},"end":{"line":77,"column":3}},"line":65},"5":{"name":"(anonymous_5)","decl":{"start":{"line":86,"column":2},"end":{"line":86,"column":3}},"loc":{"start":{"line":86,"column":48},"end":{"line":97,"column":3}},"line":86},"6":{"name":"(anonymous_6)","decl":{"start":{"line":106,"column":2},"end":{"line":106,"column":3}},"loc":{"start":{"line":106,"column":46},"end":{"line":116,"column":3}},"line":106},"7":{"name":"(anonymous_7)","decl":{"start":{"line":122,"column":2},"end":{"line":122,"column":3}},"loc":{"start":{"line":122,"column":23},"end":{"line":134,"column":3}},"line":122},"8":{"name":"(anonymous_8)","decl":{"start":{"line":123,"column":27},"end":{"line":123,"column":28}},"loc":{"start":{"line":123,"column":39},"end":{"line":133,"column":5}},"line":123},"9":{"name":"(anonymous_9)","decl":{"start":{"line":141,"column":2},"end":{"line":141,"column":3}},"loc":{"start":{"line":141,"column":27},"end":{"line":187,"column":3}},"line":141},"10":{"name":"(anonymous_10)","decl":{"start":{"line":193,"column":2},"end":{"line":193,"column":3}},"loc":{"start":{"line":193,"column":27},"end":{"line":195,"column":3}},"line":193},"11":{"name":"(anonymous_11)","decl":{"start":{"line":194,"column":29},"end":{"line":194,"column":30}},"loc":{"start":{"line":194,"column":37},"end":{"line":194,"column":51}},"line":194},"12":{"name":"(anonymous_12)","decl":{"start":{"line":201,"column":2},"end":{"line":201,"column":3}},"loc":{"start":{"line":201,"column":20},"end":{"line":203,"column":3}},"line":201},"13":{"name":"(anonymous_13)","decl":{"start":{"line":211,"column":2},"end":{"line":211,"column":3}},"loc":{"start":{"line":211,"column":25},"end":{"line":216,"column":3}},"line":211},"14":{"name":"(anonymous_14)","decl":{"start":{"line":222,"column":2},"end":{"line":222,"column":3}},"loc":{"start":{"line":222,"column":12},"end":{"line":224,"column":3}},"line":222},"15":{"name":"(anonymous_15)","decl":{"start":{"line":223,"column":25},"end":{"line":223,"column":26}},"loc":{"start":{"line":223,"column":32},"end":{"line":223,"column":40}},"line":223},"16":{"name":"(anonymous_16)","decl":{"start":{"line":230,"column":2},"end":{"line":230,"column":3}},"loc":{"start":{"line":230,"column":13},"end":{"line":232,"column":3}},"line":230},"17":{"name":"(anonymous_17)","decl":{"start":{"line":231,"column":26},"end":{"line":231,"column":27}},"loc":{"start":{"line":231,"column":34},"end":{"line":231,"column":46}},"line":231},"18":{"name":"(anonymous_18)","decl":{"start":{"line":238,"column":2},"end":{"line":238,"column":3}},"loc":{"start":{"line":238,"column":15},"end":{"line":240,"column":3}},"line":238},"19":{"name":"(anonymous_19)","decl":{"start":{"line":245,"column":2},"end":{"line":245,"column":3}},"loc":{"start":{"line":245,"column":10},"end":{"line":249,"column":3}},"line":245}},"branchMap":{"0":{"loc":{"start":{"line":13,"column":14},"end":{"line":13,"column":31}},"type":"default-arg","locations":[{"start":{"line":13,"column":26},"end":{"line":13,"column":31}}],"line":13},"1":{"loc":{"start":{"line":43,"column":11},"end":{"line":43,"column":59}},"type":"binary-expr","locations":[{"start":{"line":43,"column":11},"end":{"line":43,"column":33}},{"start":{"line":43,"column":37},"end":{"line":43,"column":59}}],"line":43},"2":{"loc":{"start":{"line":46,"column":26},"end":{"line":46,"column":72}},"type":"cond-expr","locations":[{"start":{"line":46,"column":47},"end":{"line":46,"column":59}},{"start":{"line":46,"column":62},"end":{"line":46,"column":72}}],"line":46},"3":{"loc":{"start":{"line":49,"column":6},"end":{"line":54,"column":7}},"type":"if","locations":[{"start":{"line":49,"column":6},"end":{"line":54,"column":7}},{"start":{},"end":{}}],"line":49},"4":{"loc":{"start":{"line":66,"column":4},"end":{"line":76,"column":5}},"type":"if","locations":[{"start":{"line":66,"column":4},"end":{"line":76,"column":5}},{"start":{"line":71,"column":11},"end":{"line":76,"column":5}}],"line":66},"5":{"loc":{"start":{"line":88,"column":18},"end":{"line":88,"column":72}},"type":"cond-expr","locations":[{"start":{"line":88,"column":49},"end":{"line":88,"column":57}},{"start":{"line":88,"column":60},"end":{"line":88,"column":72}}],"line":88},"6":{"loc":{"start":{"line":89,"column":18},"end":{"line":89,"column":72}},"type":"cond-expr","locations":[{"start":{"line":89,"column":49},"end":{"line":89,"column":61}},{"start":{"line":89,"column":64},"end":{"line":89,"column":72}}],"line":89},"7":{"loc":{"start":{"line":91,"column":6},"end":{"line":94,"column":7}},"type":"if","locations":[{"start":{"line":91,"column":6},"end":{"line":94,"column":7}},{"start":{},"end":{}}],"line":91},"8":{"loc":{"start":{"line":91,"column":10},"end":{"line":92,"column":53}},"type":"binary-expr","locations":[{"start":{"line":91,"column":10},"end":{"line":91,"column":38}},{"start":{"line":92,"column":11},"end":{"line":92,"column":52}}],"line":91},"9":{"loc":{"start":{"line":110,"column":18},"end":{"line":110,"column":72}},"type":"cond-expr","locations":[{"start":{"line":110,"column":49},"end":{"line":110,"column":57}},{"start":{"line":110,"column":60},"end":{"line":110,"column":72}}],"line":110},"10":{"loc":{"start":{"line":111,"column":18},"end":{"line":111,"column":72}},"type":"cond-expr","locations":[{"start":{"line":111,"column":49},"end":{"line":111,"column":61}},{"start":{"line":111,"column":64},"end":{"line":111,"column":72}}],"line":111},"11":{"loc":{"start":{"line":127,"column":6},"end":{"line":132,"column":7}},"type":"if","locations":[{"start":{"line":127,"column":6},"end":{"line":132,"column":7}},{"start":{"line":129,"column":13},"end":{"line":132,"column":7}}],"line":127},"12":{"loc":{"start":{"line":142,"column":4},"end":{"line":149,"column":5}},"type":"if","locations":[{"start":{"line":142,"column":4},"end":{"line":149,"column":5}},{"start":{},"end":{}}],"line":142},"13":{"loc":{"start":{"line":157,"column":6},"end":{"line":176,"column":7}},"type":"if","locations":[{"start":{"line":157,"column":6},"end":{"line":176,"column":7}},{"start":{},"end":{}}],"line":157},"14":{"loc":{"start":{"line":158,"column":8},"end":{"line":165,"column":9}},"type":"if","locations":[{"start":{"line":158,"column":8},"end":{"line":165,"column":9}},{"start":{},"end":{}}],"line":158},"15":{"loc":{"start":{"line":174,"column":19},"end":{"line":174,"column":56}},"type":"cond-expr","locations":[{"start":{"line":174,"column":35},"end":{"line":174,"column":47}},{"start":{"line":174,"column":50},"end":{"line":174,"column":56}}],"line":174},"16":{"loc":{"start":{"line":212,"column":4},"end":{"line":214,"column":5}},"type":"if","locations":[{"start":{"line":212,"column":4},"end":{"line":214,"column":5}},{"start":{},"end":{}}],"line":212}},"s":{"0":57,"1":57,"2":57,"3":57,"4":85,"5":850,"6":25,"7":25,"8":25,"9":25,"10":25,"11":25,"12":1067,"13":1067,"14":1067,"15":1067,"16":88,"17":88,"18":88,"19":88,"20":25,"21":1067,"22":524,"23":543,"24":1071,"25":1071,"26":1458,"27":1458,"28":1458,"29":981,"30":90,"31":88,"32":88,"33":88,"34":264,"35":264,"36":264,"37":88,"38":88,"39":264,"40":264,"41":264,"42":54,"43":210,"44":24,"45":1,"46":23,"47":23,"48":23,"49":23,"50":33,"51":16,"52":0,"53":16,"54":16,"55":16,"56":7,"57":7,"58":17,"59":22,"60":3,"61":7,"62":2,"63":5,"64":48,"65":480,"66":11,"67":19,"68":4,"69":3,"70":3,"71":3},"f":{"0":57,"1":85,"2":850,"3":25,"4":1067,"5":1071,"6":88,"7":88,"8":264,"9":24,"10":17,"11":22,"12":3,"13":7,"14":48,"15":480,"16":11,"17":19,"18":4,"19":3},"b":{"0":[0],"1":[1092,1068],"2":[524,543],"3":[88,979],"4":[524,543],"5":[718,740],"6":[718,740],"7":[981,477],"8":[1458,1457],"9":[129,135],"10":[129,135],"11":[54,210],"12":[1,23],"13":[16,17],"14":[0,16],"15":[5,11],"16":[2,5]},"inputSourceMap":null,"_coverageSchema":"1a1c01bbd47fc00a2c39e90264f33305004495a9","hash":"ea3e122af7d683d7a3b62ef4818fdafe1246a712"}
,"C:\\Users\\U.Ramanchanka\\Desktop\\challenge\\edu-ai-challenge-2025\\task 7\\src\\CPU.js": {"path":"C:\\Users\\U.Ramanchanka\\Desktop\\challenge\\edu-ai-challenge-2025\\task 7\\src\\CPU.js","statementMap":{"0":{"start":{"line":13,"column":4},"end":{"line":13,"column":21}},"1":{"start":{"line":14,"column":4},"end":{"line":14,"column":31}},"2":{"start":{"line":15,"column":4},"end":{"line":15,"column":26}},"3":{"start":{"line":16,"column":4},"end":{"line":16,"column":27}},"4":{"start":{"line":17,"column":4},"end":{"line":17,"column":25}},"5":{"start":{"line":27,"column":19},"end":{"line":27,"column":20}},"6":{"start":{"line":28,"column":24},"end":{"line":28,"column":28}},"7":{"start":{"line":30,"column":4},"end":{"line":38,"column":72}},"8":{"start":{"line":31,"column":6},"end":{"line":36,"column":7}},"9":{"start":{"line":32,"column":8},"end":{"line":32,"column":46}},"10":{"start":{"line":34,"column":8},"end":{"line":34,"column":35}},"11":{"start":{"line":35,"column":8},"end":{"line":35,"column":42}},"12":{"start":{"line":37,"column":6},"end":{"line":37,"column":17}},"13":{"start":{"line":41,"column":4},"end":{"line":41,"column":30}},"14":{"start":{"line":43,"column":4},"end":{"line":43,"column":22}},"15":{"start":{"line":51,"column":16},"end":{"line":51,"column":43}},"16":{"start":{"line":52,"column":16},"end":{"line":52,"column":43}},"17":{"start":{"line":53,"column":4},"end":{"line":53,"column":38}},"18":{"start":{"line":61,"column":4},"end":{"line":64,"column":5}},"19":{"start":{"line":62,"column":6},"end":{"line":62,"column":33}},"20":{"start":{"line":63,"column":6},"end":{"line":63,"column":34}},"21":{"start":{"line":66,"column":4},"end":{"line":66,"column":36}},"22":{"start":{"line":76,"column":4},"end":{"line":93,"column":5}},"23":{"start":{"line":77,"column":6},"end":{"line":77,"column":30}},"24":{"start":{"line":79,"column":6},"end":{"line":87,"column":7}},"25":{"start":{"line":81,"column":8},"end":{"line":81,"column":35}},"26":{"start":{"line":82,"column":8},"end":{"line":82,"column":30}},"27":{"start":{"line":85,"column":8},"end":{"line":85,"column":37}},"28":{"start":{"line":86,"column":8},"end":{"line":86,"column":44}},"29":{"start":{"line":90,"column":6},"end":{"line":92,"column":7}},"30":{"start":{"line":91,"column":8},"end":{"line":91,"column":35}},"31":{"start":{"line":101,"column":16},"end":{"line":101,"column":39}},"32":{"start":{"line":102,"column":16},"end":{"line":102,"column":39}},"33":{"start":{"line":104,"column":27},"end":{"line":104,"column":59}},"34":{"start":{"line":106,"column":4},"end":{"line":114,"column":7}},"35":{"start":{"line":107,"column":28},"end":{"line":107,"column":60}},"36":{"start":{"line":110,"column":6},"end":{"line":113,"column":7}},"37":{"start":{"line":112,"column":8},"end":{"line":112,"column":45}},"38":{"start":{"line":122,"column":4},"end":{"line":128,"column":5}},"39":{"start":{"line":123,"column":6},"end":{"line":127,"column":9}},"40":{"start":{"line":136,"column":4},"end":{"line":139,"column":7}},"41":{"start":{"line":148,"column":4},"end":{"line":148,"column":76}},"42":{"start":{"line":148,"column":43},"end":{"line":148,"column":74}},"43":{"start":{"line":156,"column":4},"end":{"line":156,"column":21}},"44":{"start":{"line":164,"column":4},"end":{"line":164,"column":35}},"45":{"start":{"line":172,"column":4},"end":{"line":172,"column":33}},"46":{"start":{"line":180,"column":4},"end":{"line":180,"column":36}},"47":{"start":{"line":188,"column":4},"end":{"line":188,"column":34}},"48":{"start":{"line":196,"column":4},"end":{"line":196,"column":45}},"49":{"start":{"line":196,"column":36},"end":{"line":196,"column":45}},"50":{"start":{"line":197,"column":4},"end":{"line":197,"column":61}},"51":{"start":{"line":205,"column":4},"end":{"line":205,"column":34}},"52":{"start":{"line":213,"column":4},"end":{"line":213,"column":32}},"53":{"start":{"line":220,"column":4},"end":{"line":220,"column":31}},"54":{"start":{"line":221,"column":4},"end":{"line":221,"column":26}},"55":{"start":{"line":222,"column":4},"end":{"line":222,"column":27}},"56":{"start":{"line":223,"column":4},"end":{"line":223,"column":25}},"57":{"start":{"line":231,"column":4},"end":{"line":238,"column":6}},"58":{"start":{"line":246,"column":4},"end":{"line":246,"column":21}},"59":{"start":{"line":254,"column":4},"end":{"line":254,"column":30}},"60":{"start":{"line":262,"column":4},"end":{"line":262,"column":115}}},"fnMap":{"0":{"name":"(anonymous_0)","decl":{"start":{"line":12,"column":2},"end":{"line":12,"column":3}},"loc":{"start":{"line":12,"column":28},"end":{"line":18,"column":3}},"line":12},"1":{"name":"(anonymous_1)","decl":{"start":{"line":25,"column":2},"end":{"line":25,"column":3}},"loc":{"start":{"line":25,"column":41},"end":{"line":44,"column":3}},"line":25},"2":{"name":"(anonymous_2)","decl":{"start":{"line":50,"column":2},"end":{"line":50,"column":3}},"loc":{"start":{"line":50,"column":18},"end":{"line":54,"column":3}},"line":50},"3":{"name":"(anonymous_3)","decl":{"start":{"line":60,"column":2},"end":{"line":60,"column":3}},"loc":{"start":{"line":60,"column":22},"end":{"line":67,"column":3}},"line":60},"4":{"name":"(anonymous_4)","decl":{"start":{"line":75,"column":2},"end":{"line":75,"column":3}},"loc":{"start":{"line":75,"column":50},"end":{"line":94,"column":3}},"line":75},"5":{"name":"(anonymous_5)","decl":{"start":{"line":100,"column":2},"end":{"line":100,"column":3}},"loc":{"start":{"line":100,"column":33},"end":{"line":115,"column":3}},"line":100},"6":{"name":"(anonymous_6)","decl":{"start":{"line":106,"column":27},"end":{"line":106,"column":28}},"loc":{"start":{"line":106,"column":61},"end":{"line":114,"column":5}},"line":106},"7":{"name":"(anonymous_7)","decl":{"start":{"line":121,"column":2},"end":{"line":121,"column":3}},"loc":{"start":{"line":121,"column":23},"end":{"line":129,"column":3}},"line":121},"8":{"name":"(anonymous_8)","decl":{"start":{"line":135,"column":2},"end":{"line":135,"column":3}},"loc":{"start":{"line":135,"column":21},"end":{"line":140,"column":3}},"line":135},"9":{"name":"(anonymous_9)","decl":{"start":{"line":147,"column":2},"end":{"line":147,"column":3}},"loc":{"start":{"line":147,"column":25},"end":{"line":149,"column":3}},"line":147},"10":{"name":"(anonymous_10)","decl":{"start":{"line":148,"column":34},"end":{"line":148,"column":35}},"loc":{"start":{"line":148,"column":43},"end":{"line":148,"column":74}},"line":148},"11":{"name":"(anonymous_11)","decl":{"start":{"line":155,"column":2},"end":{"line":155,"column":3}},"loc":{"start":{"line":155,"column":12},"end":{"line":157,"column":3}},"line":155},"12":{"name":"(anonymous_12)","decl":{"start":{"line":163,"column":2},"end":{"line":163,"column":3}},"loc":{"start":{"line":163,"column":25},"end":{"line":165,"column":3}},"line":163},"13":{"name":"(anonymous_13)","decl":{"start":{"line":171,"column":2},"end":{"line":171,"column":3}},"loc":{"start":{"line":171,"column":19},"end":{"line":173,"column":3}},"line":171},"14":{"name":"(anonymous_14)","decl":{"start":{"line":179,"column":2},"end":{"line":179,"column":3}},"loc":{"start":{"line":179,"column":18},"end":{"line":181,"column":3}},"line":179},"15":{"name":"(anonymous_15)","decl":{"start":{"line":187,"column":2},"end":{"line":187,"column":3}},"loc":{"start":{"line":187,"column":16},"end":{"line":189,"column":3}},"line":187},"16":{"name":"(anonymous_16)","decl":{"start":{"line":195,"column":2},"end":{"line":195,"column":3}},"loc":{"start":{"line":195,"column":15},"end":{"line":198,"column":3}},"line":195},"17":{"name":"(anonymous_17)","decl":{"start":{"line":204,"column":2},"end":{"line":204,"column":3}},"loc":{"start":{"line":204,"column":20},"end":{"line":206,"column":3}},"line":204},"18":{"name":"(anonymous_18)","decl":{"start":{"line":212,"column":2},"end":{"line":212,"column":3}},"loc":{"start":{"line":212,"column":18},"end":{"line":214,"column":3}},"line":212},"19":{"name":"(anonymous_19)","decl":{"start":{"line":219,"column":2},"end":{"line":219,"column":3}},"loc":{"start":{"line":219,"column":10},"end":{"line":224,"column":3}},"line":219},"20":{"name":"(anonymous_20)","decl":{"start":{"line":230,"column":2},"end":{"line":230,"column":3}},"loc":{"start":{"line":230,"column":13},"end":{"line":239,"column":3}},"line":230},"21":{"name":"(anonymous_21)","decl":{"start":{"line":245,"column":2},"end":{"line":245,"column":3}},"loc":{"start":{"line":245,"column":12},"end":{"line":247,"column":3}},"line":245},"22":{"name":"(anonymous_22)","decl":{"start":{"line":253,"column":2},"end":{"line":253,"column":3}},"loc":{"start":{"line":253,"column":16},"end":{"line":255,"column":3}},"line":253},"23":{"name":"(anonymous_23)","decl":{"start":{"line":261,"column":2},"end":{"line":261,"column":3}},"loc":{"start":{"line":261,"column":13},"end":{"line":263,"column":3}},"line":261}},"branchMap":{"0":{"loc":{"start":{"line":12,"column":14},"end":{"line":12,"column":26}},"type":"default-arg","locations":[{"start":{"line":12,"column":21},"end":{"line":12,"column":26}}],"line":12},"1":{"loc":{"start":{"line":25,"column":12},"end":{"line":25,"column":39}},"type":"default-arg","locations":[{"start":{"line":25,"column":30},"end":{"line":25,"column":39}}],"line":25},"2":{"loc":{"start":{"line":31,"column":6},"end":{"line":36,"column":7}},"type":"if","locations":[{"start":{"line":31,"column":6},"end":{"line":36,"column":7}},{"start":{"line":33,"column":13},"end":{"line":36,"column":7}}],"line":31},"3":{"loc":{"start":{"line":31,"column":10},"end":{"line":31,"column":71}},"type":"binary-expr","locations":[{"start":{"line":31,"column":10},"end":{"line":31,"column":40}},{"start":{"line":31,"column":44},"end":{"line":31,"column":71}}],"line":31},"4":{"loc":{"start":{"line":38,"column":13},"end":{"line":38,"column":70}},"type":"binary-expr","locations":[{"start":{"line":38,"column":13},"end":{"line":38,"column":44}},{"start":{"line":38,"column":48},"end":{"line":38,"column":70}}],"line":38},"5":{"loc":{"start":{"line":61,"column":4},"end":{"line":64,"column":5}},"type":"if","locations":[{"start":{"line":61,"column":4},"end":{"line":64,"column":5}},{"start":{},"end":{}}],"line":61},"6":{"loc":{"start":{"line":76,"column":4},"end":{"line":93,"column":5}},"type":"if","locations":[{"start":{"line":76,"column":4},"end":{"line":93,"column":5}},{"start":{"line":88,"column":11},"end":{"line":93,"column":5}}],"line":76},"7":{"loc":{"start":{"line":79,"column":6},"end":{"line":87,"column":7}},"type":"if","locations":[{"start":{"line":79,"column":6},"end":{"line":87,"column":7}},{"start":{"line":83,"column":13},"end":{"line":87,"column":7}}],"line":79},"8":{"loc":{"start":{"line":90,"column":6},"end":{"line":92,"column":7}},"type":"if","locations":[{"start":{"line":90,"column":6},"end":{"line":92,"column":7}},{"start":{},"end":{}}],"line":90},"9":{"loc":{"start":{"line":90,"column":10},"end":{"line":90,"column":73}},"type":"binary-expr","locations":[{"start":{"line":90,"column":10},"end":{"line":90,"column":40}},{"start":{"line":90,"column":44},"end":{"line":90,"column":73}}],"line":90},"10":{"loc":{"start":{"line":110,"column":6},"end":{"line":113,"column":7}},"type":"if","locations":[{"start":{"line":110,"column":6},"end":{"line":113,"column":7}},{"start":{},"end":{}}],"line":110},"11":{"loc":{"start":{"line":110,"column":10},"end":{"line":111,"column":41}},"type":"binary-expr","locations":[{"start":{"line":110,"column":10},"end":{"line":110,"column":51}},{"start":{"line":111,"column":10},"end":{"line":111,"column":41}}],"line":110},"12":{"loc":{"start":{"line":122,"column":4},"end":{"line":128,"column":5}},"type":"if","locations":[{"start":{"line":122,"column":4},"end":{"line":128,"column":5}},{"start":{},"end":{}}],"line":122},"13":{"loc":{"start":{"line":196,"column":4},"end":{"line":196,"column":45}},"type":"if","locations":[{"start":{"line":196,"column":4},"end":{"line":196,"column":45}},{"start":{},"end":{}}],"line":196},"14":{"loc":{"start":{"line":254,"column":16},"end":{"line":254,"column":29}},"type":"binary-expr","locations":[{"start":{"line":254,"column":16},"end":{"line":254,"column":20}},{"start":{"line":254,"column":24},"end":{"line":254,"column":29}}],"line":254}},"s":{"0":44,"1":44,"2":44,"3":44,"4":44,"5":4,"6":4,"7":4,"8":4,"9":1,"10":3,"11":3,"12":4,"13":4,"14":4,"15":4,"16":4,"17":4,"18":2,"19":1,"20":1,"21":1,"22":5,"23":2,"24":2,"25":1,"26":1,"27":1,"28":1,"29":3,"30":1,"31":4,"32":4,"33":4,"34":4,"35":14,"36":14,"37":13,"38":14,"39":14,"40":9,"41":30,"42":7,"43":8,"44":11,"45":4,"46":27,"47":15,"48":10,"49":6,"50":4,"51":1,"52":1,"53":2,"54":2,"55":2,"56":2,"57":5,"58":5,"59":2,"60":1},"f":{"0":44,"1":4,"2":4,"3":2,"4":5,"5":4,"6":14,"7":14,"8":9,"9":30,"10":7,"11":8,"12":11,"13":4,"14":27,"15":15,"16":10,"17":1,"18":1,"19":2,"20":5,"21":5,"22":2,"23":1},"b":{"0":[1],"1":[2],"2":[1,3],"3":[4,1],"4":[4,0],"5":[1,1],"6":[2,3],"7":[1,1],"8":[1,2],"9":[3,1],"10":[13,1],"11":[14,14],"12":[14,0],"13":[6,4],"14":[2,1]},"inputSourceMap":null,"_coverageSchema":"1a1c01bbd47fc00a2c39e90264f33305004495a9","hash":"9350bd98463650c685caceb23f1b9ec66898aae8"}
,"C:\\Users\\U.Ramanchanka\\Desktop\\challenge\\edu-ai-challenge-2025\\task 7\\src\\Display.js": {"path":"C:\\Users\\U.Ramanchanka\\Desktop\\challenge\\edu-ai-challenge-2025\\task 7\\src\\Display.js","statementMap":{"0":{"start":{"line":13,"column":4},"end":{"line":13,"column":75}},"1":{"start":{"line":16,"column":19},"end":{"line":16,"column":38}},"2":{"start":{"line":17,"column":4},"end":{"line":17,"column":43}},"3":{"start":{"line":20,"column":4},"end":{"line":24,"column":5}},"4":{"start":{"line":20,"column":17},"end":{"line":20,"column":18}},"5":{"start":{"line":21,"column":26},"end":{"line":21,"column":73}},"6":{"start":{"line":22,"column":24},"end":{"line":22,"column":69}},"7":{"start":{"line":23,"column":6},"end":{"line":23,"column":52}},"8":{"start":{"line":25,"column":4},"end":{"line":25,"column":22}},"9":{"start":{"line":33,"column":17},"end":{"line":33,"column":21}},"10":{"start":{"line":34,"column":4},"end":{"line":36,"column":5}},"11":{"start":{"line":34,"column":17},"end":{"line":34,"column":18}},"12":{"start":{"line":35,"column":6},"end":{"line":35,"column":24}},"13":{"start":{"line":37,"column":4},"end":{"line":37,"column":18}},"14":{"start":{"line":47,"column":17},"end":{"line":47,"column":31}},"15":{"start":{"line":48,"column":4},"end":{"line":52,"column":5}},"16":{"start":{"line":48,"column":17},"end":{"line":48,"column":18}},"17":{"start":{"line":50,"column":26},"end":{"line":50,"column":87}},"18":{"start":{"line":51,"column":6},"end":{"line":51,"column":34}},"19":{"start":{"line":53,"column":4},"end":{"line":53,"column":18}},"20":{"start":{"line":62,"column":4},"end":{"line":62,"column":41}},"21":{"start":{"line":64,"column":19},"end":{"line":64,"column":38}},"22":{"start":{"line":65,"column":4},"end":{"line":65,"column":24}},"23":{"start":{"line":67,"column":17},"end":{"line":67,"column":32}},"24":{"start":{"line":68,"column":4},"end":{"line":70,"column":5}},"25":{"start":{"line":68,"column":17},"end":{"line":68,"column":18}},"26":{"start":{"line":69,"column":6},"end":{"line":69,"column":48}},"27":{"start":{"line":71,"column":4},"end":{"line":71,"column":22}},"28":{"start":{"line":79,"column":4},"end":{"line":79,"column":25}},"29":{"start":{"line":87,"column":4},"end":{"line":87,"column":35}},"30":{"start":{"line":95,"column":4},"end":{"line":95,"column":39}},"31":{"start":{"line":103,"column":4},"end":{"line":103,"column":39}},"32":{"start":{"line":111,"column":4},"end":{"line":111,"column":45}},"33":{"start":{"line":112,"column":4},"end":{"line":112,"column":73}},"34":{"start":{"line":113,"column":4},"end":{"line":113,"column":67}},"35":{"start":{"line":114,"column":4},"end":{"line":114,"column":58}},"36":{"start":{"line":115,"column":4},"end":{"line":115,"column":52}},"37":{"start":{"line":116,"column":4},"end":{"line":116,"column":65}},"38":{"start":{"line":117,"column":4},"end":{"line":117,"column":46}},"39":{"start":{"line":124,"column":4},"end":{"line":124,"column":50}},"40":{"start":{"line":125,"column":4},"end":{"line":125,"column":57}},"41":{"start":{"line":126,"column":4},"end":{"line":126,"column":71}},"42":{"start":{"line":127,"column":4},"end":{"line":127,"column":70}},"43":{"start":{"line":128,"column":4},"end":{"line":128,"column":63}},"44":{"start":{"line":129,"column":4},"end":{"line":129,"column":59}},"45":{"start":{"line":138,"column":4},"end":{"line":138,"column":37}},"46":{"start":{"line":139,"column":4},"end":{"line":139,"column":57}},"47":{"start":{"line":141,"column":4},"end":{"line":147,"column":5}},"48":{"start":{"line":142,"column":6},"end":{"line":142,"column":53}},"49":{"start":{"line":143,"column":6},"end":{"line":143,"column":53}},"50":{"start":{"line":145,"column":6},"end":{"line":145,"column":35}},"51":{"start":{"line":146,"column":6},"end":{"line":146,"column":56}},"52":{"start":{"line":149,"column":4},"end":{"line":149,"column":57}},"53":{"start":{"line":151,"column":4},"end":{"line":153,"column":5}},"54":{"start":{"line":152,"column":6},"end":{"line":152,"column":33}},"55":{"start":{"line":160,"column":4},"end":{"line":160,"column":20}},"56":{"start":{"line":167,"column":4},"end":{"line":167,"column":57}}},"fnMap":{"0":{"name":"(anonymous_0)","decl":{"start":{"line":12,"column":2},"end":{"line":12,"column":3}},"loc":{"start":{"line":12,"column":49},"end":{"line":26,"column":3}},"line":12},"1":{"name":"(anonymous_1)","decl":{"start":{"line":32,"column":2},"end":{"line":32,"column":3}},"loc":{"start":{"line":32,"column":24},"end":{"line":38,"column":3}},"line":32},"2":{"name":"(anonymous_2)","decl":{"start":{"line":46,"column":2},"end":{"line":46,"column":3}},"loc":{"start":{"line":46,"column":40},"end":{"line":54,"column":3}},"line":46},"3":{"name":"(anonymous_3)","decl":{"start":{"line":61,"column":2},"end":{"line":61,"column":3}},"loc":{"start":{"line":61,"column":44},"end":{"line":72,"column":3}},"line":61},"4":{"name":"(anonymous_4)","decl":{"start":{"line":78,"column":2},"end":{"line":78,"column":3}},"loc":{"start":{"line":78,"column":31},"end":{"line":80,"column":3}},"line":78},"5":{"name":"(anonymous_5)","decl":{"start":{"line":86,"column":2},"end":{"line":86,"column":3}},"loc":{"start":{"line":86,"column":27},"end":{"line":88,"column":3}},"line":86},"6":{"name":"(anonymous_6)","decl":{"start":{"line":94,"column":2},"end":{"line":94,"column":3}},"loc":{"start":{"line":94,"column":31},"end":{"line":96,"column":3}},"line":94},"7":{"name":"(anonymous_7)","decl":{"start":{"line":102,"column":2},"end":{"line":102,"column":3}},"loc":{"start":{"line":102,"column":31},"end":{"line":104,"column":3}},"line":102},"8":{"name":"(anonymous_8)","decl":{"start":{"line":110,"column":2},"end":{"line":110,"column":3}},"loc":{"start":{"line":110,"column":31},"end":{"line":118,"column":3}},"line":110},"9":{"name":"(anonymous_9)","decl":{"start":{"line":123,"column":2},"end":{"line":123,"column":3}},"loc":{"start":{"line":123,"column":24},"end":{"line":130,"column":3}},"line":123},"10":{"name":"(anonymous_10)","decl":{"start":{"line":137,"column":2},"end":{"line":137,"column":3}},"loc":{"start":{"line":137,"column":46},"end":{"line":154,"column":3}},"line":137},"11":{"name":"(anonymous_11)","decl":{"start":{"line":159,"column":2},"end":{"line":159,"column":3}},"loc":{"start":{"line":159,"column":23},"end":{"line":161,"column":3}},"line":159},"12":{"name":"(anonymous_12)","decl":{"start":{"line":166,"column":2},"end":{"line":166,"column":3}},"loc":{"start":{"line":166,"column":26},"end":{"line":168,"column":3}},"line":166}},"branchMap":{"0":{"loc":{"start":{"line":50,"column":26},"end":{"line":50,"column":87}},"type":"cond-expr","locations":[{"start":{"line":50,"column":64},"end":{"line":50,"column":67}},{"start":{"line":50,"column":70},"end":{"line":50,"column":87}}],"line":50},"1":{"loc":{"start":{"line":61,"column":27},"end":{"line":61,"column":42}},"type":"default-arg","locations":[{"start":{"line":61,"column":35},"end":{"line":61,"column":42}}],"line":61},"2":{"loc":{"start":{"line":116,"column":34},"end":{"line":116,"column":61}},"type":"binary-expr","locations":[{"start":{"line":116,"column":34},"end":{"line":116,"column":52}},{"start":{"line":116,"column":56},"end":{"line":116,"column":61}}],"line":116},"3":{"loc":{"start":{"line":137,"column":34},"end":{"line":137,"column":44}},"type":"default-arg","locations":[{"start":{"line":137,"column":42},"end":{"line":137,"column":44}}],"line":137},"4":{"loc":{"start":{"line":141,"column":4},"end":{"line":147,"column":5}},"type":"if","locations":[{"start":{"line":141,"column":4},"end":{"line":147,"column":5}},{"start":{"line":144,"column":11},"end":{"line":147,"column":5}}],"line":141},"5":{"loc":{"start":{"line":151,"column":4},"end":{"line":153,"column":5}},"type":"if","locations":[{"start":{"line":151,"column":4},"end":{"line":153,"column":5}},{"start":{},"end":{}}],"line":151}},"s":{"0":2,"1":2,"2":2,"3":2,"4":2,"5":20,"6":20,"7":20,"8":2,"9":2,"10":2,"11":2,"12":20,"13":2,"14":40,"15":40,"16":40,"17":400,"18":400,"19":40,"20":0,"21":0,"22":0,"23":0,"24":0,"25":0,"26":0,"27":0,"28":16,"29":1,"30":6,"31":0,"32":2,"33":2,"34":2,"35":2,"36":2,"37":2,"38":2,"39":0,"40":0,"41":0,"42":0,"43":0,"44":0,"45":2,"46":2,"47":2,"48":1,"49":1,"50":1,"51":1,"52":2,"53":2,"54":2,"55":0,"56":0},"f":{"0":2,"1":2,"2":40,"3":0,"4":16,"5":1,"6":6,"7":0,"8":2,"9":0,"10":2,"11":0,"12":0},"b":{"0":[0,400],"1":[0],"2":[2,0],"3":[0],"4":[1,1],"5":[2,0]},"inputSourceMap":null,"_coverageSchema":"1a1c01bbd47fc00a2c39e90264f33305004495a9","hash":"7521592a06914b80b45783343e9e8b29836da579"}
,"C:\\Users\\U.Ramanchanka\\Desktop\\challenge\\edu-ai-challenge-2025\\task 7\\src\\Game.js": {"path":"C:\\Users\\U.Ramanchanka\\Desktop\\challenge\\edu-ai-challenge-2025\\task 7\\src\\Game.js","statementMap":{"0":{"start":{"line":16,"column":4},"end":{"line":16,"column":39}},"1":{"start":{"line":17,"column":4},"end":{"line":17,"column":37}},"2":{"start":{"line":18,"column":4},"end":{"line":18,"column":39}},"3":{"start":{"line":19,"column":4},"end":{"line":19,"column":30}},"4":{"start":{"line":20,"column":4},"end":{"line":20,"column":30}},"5":{"start":{"line":21,"column":4},"end":{"line":21,"column":28}},"6":{"start":{"line":22,"column":4},"end":{"line":22,"column":28}},"7":{"start":{"line":23,"column":4},"end":{"line":23,"column":23}},"8":{"start":{"line":26,"column":4},"end":{"line":29,"column":7}},"9":{"start":{"line":36,"column":4},"end":{"line":36,"column":27}},"10":{"start":{"line":38,"column":4},"end":{"line":44,"column":5}},"11":{"start":{"line":39,"column":6},"end":{"line":39,"column":38}},"12":{"start":{"line":40,"column":6},"end":{"line":40,"column":28}},"13":{"start":{"line":42,"column":6},"end":{"line":42,"column":72}},"14":{"start":{"line":43,"column":6},"end":{"line":43,"column":22}},"15":{"start":{"line":52,"column":4},"end":{"line":52,"column":51}},"16":{"start":{"line":55,"column":30},"end":{"line":55,"column":76}},"17":{"start":{"line":56,"column":27},"end":{"line":56,"column":70}},"18":{"start":{"line":58,"column":4},"end":{"line":61,"column":5}},"19":{"start":{"line":59,"column":6},"end":{"line":59,"column":64}},"20":{"start":{"line":60,"column":6},"end":{"line":60,"column":19}},"21":{"start":{"line":63,"column":4},"end":{"line":63,"column":79}},"22":{"start":{"line":64,"column":4},"end":{"line":64,"column":70}},"23":{"start":{"line":66,"column":4},"end":{"line":66,"column":16}},"24":{"start":{"line":73,"column":4},"end":{"line":109,"column":5}},"25":{"start":{"line":75,"column":6},"end":{"line":78,"column":7}},"26":{"start":{"line":76,"column":8},"end":{"line":76,"column":27}},"27":{"start":{"line":77,"column":8},"end":{"line":77,"column":14}},"28":{"start":{"line":80,"column":6},"end":{"line":83,"column":7}},"29":{"start":{"line":81,"column":8},"end":{"line":81,"column":28}},"30":{"start":{"line":82,"column":8},"end":{"line":82,"column":14}},"31":{"start":{"line":86,"column":6},"end":{"line":86,"column":59}},"32":{"start":{"line":89,"column":36},"end":{"line":89,"column":65}},"33":{"start":{"line":91,"column":6},"end":{"line":93,"column":7}},"34":{"start":{"line":92,"column":8},"end":{"line":92,"column":17}},"35":{"start":{"line":96,"column":6},"end":{"line":99,"column":7}},"36":{"start":{"line":97,"column":8},"end":{"line":97,"column":27}},"37":{"start":{"line":98,"column":8},"end":{"line":98,"column":14}},"38":{"start":{"line":102,"column":6},"end":{"line":102,"column":33}},"39":{"start":{"line":105,"column":6},"end":{"line":108,"column":7}},"40":{"start":{"line":106,"column":8},"end":{"line":106,"column":28}},"41":{"start":{"line":107,"column":8},"end":{"line":107,"column":14}},"42":{"start":{"line":117,"column":4},"end":{"line":148,"column":7}},"43":{"start":{"line":118,"column":6},"end":{"line":147,"column":9}},"44":{"start":{"line":119,"column":28},"end":{"line":119,"column":59}},"45":{"start":{"line":121,"column":8},"end":{"line":125,"column":9}},"46":{"start":{"line":122,"column":10},"end":{"line":122,"column":50}},"47":{"start":{"line":123,"column":10},"end":{"line":123,"column":25}},"48":{"start":{"line":124,"column":10},"end":{"line":124,"column":17}},"49":{"start":{"line":128,"column":23},"end":{"line":128,"column":73}},"50":{"start":{"line":130,"column":8},"end":{"line":134,"column":9}},"51":{"start":{"line":131,"column":10},"end":{"line":131,"column":47}},"52":{"start":{"line":132,"column":10},"end":{"line":132,"column":25}},"53":{"start":{"line":133,"column":10},"end":{"line":133,"column":17}},"54":{"start":{"line":137,"column":8},"end":{"line":144,"column":9}},"55":{"start":{"line":138,"column":10},"end":{"line":138,"column":86}},"56":{"start":{"line":139,"column":10},"end":{"line":141,"column":11}},"57":{"start":{"line":140,"column":12},"end":{"line":140,"column":60}},"58":{"start":{"line":143,"column":10},"end":{"line":143,"column":87}},"59":{"start":{"line":146,"column":8},"end":{"line":146,"column":22}},"60":{"start":{"line":155,"column":4},"end":{"line":155,"column":49}},"61":{"start":{"line":158,"column":21},"end":{"line":158,"column":70}},"62":{"start":{"line":161,"column":19},"end":{"line":161,"column":58}},"63":{"start":{"line":164,"column":4},"end":{"line":164,"column":67}},"64":{"start":{"line":167,"column":4},"end":{"line":174,"column":5}},"65":{"start":{"line":168,"column":6},"end":{"line":168,"column":66}},"66":{"start":{"line":169,"column":6},"end":{"line":171,"column":7}},"67":{"start":{"line":170,"column":8},"end":{"line":170,"column":53}},"68":{"start":{"line":173,"column":6},"end":{"line":173,"column":67}},"69":{"start":{"line":177,"column":21},"end":{"line":177,"column":40}},"70":{"start":{"line":178,"column":4},"end":{"line":178,"column":61}},"71":{"start":{"line":186,"column":4},"end":{"line":186,"column":27}},"72":{"start":{"line":187,"column":4},"end":{"line":187,"column":34}},"73":{"start":{"line":188,"column":4},"end":{"line":188,"column":47}},"74":{"start":{"line":191,"column":4},"end":{"line":191,"column":57}},"75":{"start":{"line":194,"column":25},"end":{"line":194,"column":62}},"76":{"start":{"line":195,"column":30},"end":{"line":195,"column":61}},"77":{"start":{"line":198,"column":23},"end":{"line":206,"column":5}},"78":{"start":{"line":209,"column":4},"end":{"line":209,"column":49}},"79":{"start":{"line":212,"column":4},"end":{"line":212,"column":20}},"80":{"start":{"line":220,"column":4},"end":{"line":231,"column":6}},"81":{"start":{"line":238,"column":4},"end":{"line":238,"column":29}},"82":{"start":{"line":239,"column":4},"end":{"line":239,"column":26}},"83":{"start":{"line":240,"column":4},"end":{"line":240,"column":24}},"84":{"start":{"line":241,"column":4},"end":{"line":241,"column":21}},"85":{"start":{"line":242,"column":4},"end":{"line":242,"column":30}},"86":{"start":{"line":243,"column":4},"end":{"line":243,"column":28}},"87":{"start":{"line":244,"column":4},"end":{"line":244,"column":28}},"88":{"start":{"line":245,"column":4},"end":{"line":245,"column":23}},"89":{"start":{"line":252,"column":4},"end":{"line":254,"column":5}},"90":{"start":{"line":253,"column":6},"end":{"line":253,"column":22}},"91":{"start":{"line":262,"column":21},"end":{"line":264,"column":55}},"92":{"start":{"line":266,"column":4},"end":{"line":270,"column":6}}},"fnMap":{"0":{"name":"(anonymous_0)","decl":{"start":{"line":15,"column":2},"end":{"line":15,"column":3}},"loc":{"start":{"line":15,"column":16},"end":{"line":30,"column":3}},"line":15},"1":{"name":"(anonymous_1)","decl":{"start":{"line":35,"column":2},"end":{"line":35,"column":3}},"loc":{"start":{"line":35,"column":16},"end":{"line":45,"column":3}},"line":35},"2":{"name":"(anonymous_2)","decl":{"start":{"line":51,"column":2},"end":{"line":51,"column":3}},"loc":{"start":{"line":51,"column":20},"end":{"line":67,"column":3}},"line":51},"3":{"name":"(anonymous_3)","decl":{"start":{"line":72,"column":2},"end":{"line":72,"column":3}},"loc":{"start":{"line":72,"column":19},"end":{"line":110,"column":3}},"line":72},"4":{"name":"(anonymous_4)","decl":{"start":{"line":116,"column":2},"end":{"line":116,"column":3}},"loc":{"start":{"line":116,"column":27},"end":{"line":149,"column":3}},"line":116},"5":{"name":"(anonymous_5)","decl":{"start":{"line":117,"column":23},"end":{"line":117,"column":24}},"loc":{"start":{"line":117,"column":36},"end":{"line":148,"column":5}},"line":117},"6":{"name":"(anonymous_6)","decl":{"start":{"line":118,"column":56},"end":{"line":118,"column":57}},"loc":{"start":{"line":118,"column":67},"end":{"line":147,"column":7}},"line":118},"7":{"name":"(anonymous_7)","decl":{"start":{"line":154,"column":2},"end":{"line":154,"column":3}},"loc":{"start":{"line":154,"column":24},"end":{"line":179,"column":3}},"line":154},"8":{"name":"(anonymous_8)","decl":{"start":{"line":185,"column":2},"end":{"line":185,"column":3}},"loc":{"start":{"line":185,"column":21},"end":{"line":213,"column":3}},"line":185},"9":{"name":"(anonymous_9)","decl":{"start":{"line":219,"column":2},"end":{"line":219,"column":3}},"loc":{"start":{"line":219,"column":17},"end":{"line":232,"column":3}},"line":219},"10":{"name":"(anonymous_10)","decl":{"start":{"line":237,"column":2},"end":{"line":237,"column":3}},"loc":{"start":{"line":237,"column":10},"end":{"line":246,"column":3}},"line":237},"11":{"name":"(anonymous_11)","decl":{"start":{"line":251,"column":2},"end":{"line":251,"column":3}},"loc":{"start":{"line":251,"column":10},"end":{"line":255,"column":3}},"line":251},"12":{"name":"(anonymous_12)","decl":{"start":{"line":261,"column":2},"end":{"line":261,"column":3}},"loc":{"start":{"line":261,"column":13},"end":{"line":271,"column":3}},"line":261}},"branchMap":{"0":{"loc":{"start":{"line":38,"column":4},"end":{"line":44,"column":5}},"type":"if","locations":[{"start":{"line":38,"column":4},"end":{"line":44,"column":5}},{"start":{"line":41,"column":11},"end":{"line":44,"column":5}}],"line":38},"1":{"loc":{"start":{"line":58,"column":4},"end":{"line":61,"column":5}},"type":"if","locations":[{"start":{"line":58,"column":4},"end":{"line":61,"column":5}},{"start":{},"end":{}}],"line":58},"2":{"loc":{"start":{"line":58,"column":8},"end":{"line":58,"column":45}},"type":"binary-expr","locations":[{"start":{"line":58,"column":8},"end":{"line":58,"column":26}},{"start":{"line":58,"column":30},"end":{"line":58,"column":45}}],"line":58},"3":{"loc":{"start":{"line":75,"column":6},"end":{"line":78,"column":7}},"type":"if","locations":[{"start":{"line":75,"column":6},"end":{"line":78,"column":7}},{"start":{},"end":{}}],"line":75},"4":{"loc":{"start":{"line":80,"column":6},"end":{"line":83,"column":7}},"type":"if","locations":[{"start":{"line":80,"column":6},"end":{"line":83,"column":7}},{"start":{},"end":{}}],"line":80},"5":{"loc":{"start":{"line":91,"column":6},"end":{"line":93,"column":7}},"type":"if","locations":[{"start":{"line":91,"column":6},"end":{"line":93,"column":7}},{"start":{},"end":{}}],"line":91},"6":{"loc":{"start":{"line":96,"column":6},"end":{"line":99,"column":7}},"type":"if","locations":[{"start":{"line":96,"column":6},"end":{"line":99,"column":7}},{"start":{},"end":{}}],"line":96},"7":{"loc":{"start":{"line":105,"column":6},"end":{"line":108,"column":7}},"type":"if","locations":[{"start":{"line":105,"column":6},"end":{"line":108,"column":7}},{"start":{},"end":{}}],"line":105},"8":{"loc":{"start":{"line":121,"column":8},"end":{"line":125,"column":9}},"type":"if","locations":[{"start":{"line":121,"column":8},"end":{"line":125,"column":9}},{"start":{},"end":{}}],"line":121},"9":{"loc":{"start":{"line":130,"column":8},"end":{"line":134,"column":9}},"type":"if","locations":[{"start":{"line":130,"column":8},"end":{"line":134,"column":9}},{"start":{},"end":{}}],"line":130},"10":{"loc":{"start":{"line":137,"column":8},"end":{"line":144,"column":9}},"type":"if","locations":[{"start":{"line":137,"column":8},"end":{"line":144,"column":9}},{"start":{"line":142,"column":15},"end":{"line":144,"column":9}}],"line":137},"11":{"loc":{"start":{"line":139,"column":10},"end":{"line":141,"column":11}},"type":"if","locations":[{"start":{"line":139,"column":10},"end":{"line":141,"column":11}},{"start":{},"end":{}}],"line":139},"12":{"loc":{"start":{"line":167,"column":4},"end":{"line":174,"column":5}},"type":"if","locations":[{"start":{"line":167,"column":4},"end":{"line":174,"column":5}},{"start":{"line":172,"column":11},"end":{"line":174,"column":5}}],"line":167},"13":{"loc":{"start":{"line":169,"column":6},"end":{"line":171,"column":7}},"type":"if","locations":[{"start":{"line":169,"column":6},"end":{"line":171,"column":7}},{"start":{},"end":{}}],"line":169},"14":{"loc":{"start":{"line":188,"column":18},"end":{"line":188,"column":46}},"type":"cond-expr","locations":[{"start":{"line":188,"column":30},"end":{"line":188,"column":38}},{"start":{"line":188,"column":41},"end":{"line":188,"column":46}}],"line":188},"15":{"loc":{"start":{"line":252,"column":4},"end":{"line":254,"column":5}},"type":"if","locations":[{"start":{"line":252,"column":4},"end":{"line":254,"column":5}},{"start":{},"end":{}}],"line":252},"16":{"loc":{"start":{"line":262,"column":21},"end":{"line":264,"column":55}},"type":"cond-expr","locations":[{"start":{"line":263,"column":8},"end":{"line":263,"column":45}},{"start":{"line":264,"column":8},"end":{"line":264,"column":55}}],"line":262},"17":{"loc":{"start":{"line":262,"column":21},"end":{"line":262,"column":59}},"type":"binary-expr","locations":[{"start":{"line":262,"column":21},"end":{"line":262,"column":37}},{"start":{"line":262,"column":41},"end":{"line":262,"column":59}}],"line":262},"18":{"loc":{"start":{"line":264,"column":22},"end":{"line":264,"column":54}},"type":"binary-expr","locations":[{"start":{"line":264,"column":22},"end":{"line":264,"column":40}},{"start":{"line":264,"column":44},"end":{"line":264,"column":54}}],"line":264}},"s":{"0":17,"1":17,"2":17,"3":17,"4":17,"5":17,"6":17,"7":17,"8":17,"9":0,"10":0,"11":0,"12":0,"13":0,"14":0,"15":7,"16":7,"17":7,"18":7,"19":1,"20":1,"21":6,"22":6,"23":6,"24":0,"25":0,"26":0,"27":0,"28":0,"29":0,"30":0,"31":0,"32":0,"33":0,"34":0,"35":0,"36":0,"37":0,"38":0,"39":0,"40":0,"41":0,"42":0,"43":0,"44":0,"45":0,"46":0,"47":0,"48":0,"49":0,"50":0,"51":0,"52":0,"53":0,"54":0,"55":0,"56":0,"57":0,"58":0,"59":0,"60":1,"61":1,"62":1,"63":1,"64":1,"65":0,"66":0,"67":0,"68":1,"69":1,"70":1,"71":2,"72":2,"73":2,"74":2,"75":2,"76":2,"77":2,"78":2,"79":2,"80":3,"81":1,"82":1,"83":1,"84":1,"85":1,"86":1,"87":1,"88":1,"89":17,"90":17,"91":2,"92":2},"f":{"0":17,"1":0,"2":7,"3":0,"4":0,"5":0,"6":0,"7":1,"8":2,"9":3,"10":1,"11":17,"12":2},"b":{"0":[0,0],"1":[1,6],"2":[7,6],"3":[0,0],"4":[0,0],"5":[0,0],"6":[0,0],"7":[0,0],"8":[0,0],"9":[0,0],"10":[0,0],"11":[0,0],"12":[0,1],"13":[0,0],"14":[1,1],"15":[17,0],"16":[1,1],"17":[2,1],"18":[1,0]},"inputSourceMap":null,"_coverageSchema":"1a1c01bbd47fc00a2c39e90264f33305004495a9","hash":"bd02653fb9fb33feae1000f0556ddcb37ae97236"}
,"C:\\Users\\U.Ramanchanka\\Desktop\\challenge\\edu-ai-challenge-2025\\task 7\\src\\Player.js": {"path":"C:\\Users\\U.Ramanchanka\\Desktop\\challenge\\edu-ai-challenge-2025\\task 7\\src\\Player.js","statementMap":{"0":{"start":{"line":13,"column":4},"end":{"line":13,"column":21}},"1":{"start":{"line":14,"column":4},"end":{"line":14,"column":27}},"2":{"start":{"line":24,"column":4},"end":{"line":30,"column":5}},"3":{"start":{"line":25,"column":6},"end":{"line":29,"column":8}},"4":{"start":{"line":33,"column":25},"end":{"line":33,"column":47}},"5":{"start":{"line":36,"column":4},"end":{"line":42,"column":5}},"6":{"start":{"line":37,"column":6},"end":{"line":41,"column":8}},"7":{"start":{"line":45,"column":4},"end":{"line":51,"column":5}},"8":{"start":{"line":46,"column":6},"end":{"line":50,"column":8}},"9":{"start":{"line":53,"column":23},"end":{"line":53,"column":28}},"10":{"start":{"line":56,"column":4},"end":{"line":62,"column":5}},"11":{"start":{"line":57,"column":6},"end":{"line":61,"column":8}},"12":{"start":{"line":64,"column":4},"end":{"line":68,"column":6}},"13":{"start":{"line":77,"column":23},"end":{"line":77,"column":48}},"14":{"start":{"line":79,"column":4},"end":{"line":85,"column":5}},"15":{"start":{"line":80,"column":6},"end":{"line":84,"column":8}},"16":{"start":{"line":88,"column":4},"end":{"line":88,"column":41}},"17":{"start":{"line":90,"column":4},"end":{"line":94,"column":6}},"18":{"start":{"line":102,"column":4},"end":{"line":107,"column":5}},"19":{"start":{"line":103,"column":6},"end":{"line":106,"column":9}},"20":{"start":{"line":116,"column":4},"end":{"line":116,"column":76}},"21":{"start":{"line":116,"column":43},"end":{"line":116,"column":74}},"22":{"start":{"line":124,"column":4},"end":{"line":124,"column":36}},"23":{"start":{"line":132,"column":4},"end":{"line":132,"column":34}},"24":{"start":{"line":140,"column":4},"end":{"line":142,"column":13}},"25":{"start":{"line":149,"column":4},"end":{"line":149,"column":27}},"26":{"start":{"line":157,"column":4},"end":{"line":161,"column":6}},"27":{"start":{"line":169,"column":4},"end":{"line":169,"column":21}},"28":{"start":{"line":177,"column":4},"end":{"line":177,"column":33}},"29":{"start":{"line":185,"column":4},"end":{"line":185,"column":68}}},"fnMap":{"0":{"name":"(anonymous_0)","decl":{"start":{"line":12,"column":2},"end":{"line":12,"column":3}},"loc":{"start":{"line":12,"column":31},"end":{"line":15,"column":3}},"line":12},"1":{"name":"(anonymous_1)","decl":{"start":{"line":22,"column":2},"end":{"line":22,"column":3}},"loc":{"start":{"line":22,"column":23},"end":{"line":69,"column":3}},"line":22},"2":{"name":"(anonymous_2)","decl":{"start":{"line":76,"column":2},"end":{"line":76,"column":3}},"loc":{"start":{"line":76,"column":22},"end":{"line":95,"column":3}},"line":76},"3":{"name":"(anonymous_3)","decl":{"start":{"line":101,"column":2},"end":{"line":101,"column":3}},"loc":{"start":{"line":101,"column":23},"end":{"line":108,"column":3}},"line":101},"4":{"name":"(anonymous_4)","decl":{"start":{"line":115,"column":2},"end":{"line":115,"column":3}},"loc":{"start":{"line":115,"column":25},"end":{"line":117,"column":3}},"line":115},"5":{"name":"(anonymous_5)","decl":{"start":{"line":116,"column":34},"end":{"line":116,"column":35}},"loc":{"start":{"line":116,"column":43},"end":{"line":116,"column":74}},"line":116},"6":{"name":"(anonymous_6)","decl":{"start":{"line":123,"column":2},"end":{"line":123,"column":3}},"loc":{"start":{"line":123,"column":18},"end":{"line":125,"column":3}},"line":123},"7":{"name":"(anonymous_7)","decl":{"start":{"line":131,"column":2},"end":{"line":131,"column":3}},"loc":{"start":{"line":131,"column":20},"end":{"line":133,"column":3}},"line":131},"8":{"name":"(anonymous_8)","decl":{"start":{"line":139,"column":2},"end":{"line":139,"column":3}},"loc":{"start":{"line":139,"column":17},"end":{"line":143,"column":3}},"line":139},"9":{"name":"(anonymous_9)","decl":{"start":{"line":148,"column":2},"end":{"line":148,"column":3}},"loc":{"start":{"line":148,"column":10},"end":{"line":150,"column":3}},"line":148},"10":{"name":"(anonymous_10)","decl":{"start":{"line":156,"column":2},"end":{"line":156,"column":3}},"loc":{"start":{"line":156,"column":13},"end":{"line":162,"column":3}},"line":156},"11":{"name":"(anonymous_11)","decl":{"start":{"line":168,"column":2},"end":{"line":168,"column":3}},"loc":{"start":{"line":168,"column":12},"end":{"line":170,"column":3}},"line":168},"12":{"name":"(anonymous_12)","decl":{"start":{"line":176,"column":2},"end":{"line":176,"column":3}},"loc":{"start":{"line":176,"column":16},"end":{"line":178,"column":3}},"line":176},"13":{"name":"(anonymous_13)","decl":{"start":{"line":184,"column":2},"end":{"line":184,"column":3}},"loc":{"start":{"line":184,"column":13},"end":{"line":186,"column":3}},"line":184}},"branchMap":{"0":{"loc":{"start":{"line":12,"column":14},"end":{"line":12,"column":29}},"type":"default-arg","locations":[{"start":{"line":12,"column":21},"end":{"line":12,"column":29}}],"line":12},"1":{"loc":{"start":{"line":24,"column":4},"end":{"line":30,"column":5}},"type":"if","locations":[{"start":{"line":24,"column":4},"end":{"line":30,"column":5}},{"start":{},"end":{}}],"line":24},"2":{"loc":{"start":{"line":24,"column":8},"end":{"line":24,"column":36}},"type":"binary-expr","locations":[{"start":{"line":24,"column":8},"end":{"line":24,"column":14}},{"start":{"line":24,"column":18},"end":{"line":24,"column":36}}],"line":24},"3":{"loc":{"start":{"line":36,"column":4},"end":{"line":42,"column":5}},"type":"if","locations":[{"start":{"line":36,"column":4},"end":{"line":42,"column":5}},{"start":{},"end":{}}],"line":36},"4":{"loc":{"start":{"line":36,"column":8},"end":{"line":36,"column":32}},"type":"binary-expr","locations":[{"start":{"line":36,"column":8},"end":{"line":36,"column":18}},{"start":{"line":36,"column":22},"end":{"line":36,"column":32}}],"line":36},"5":{"loc":{"start":{"line":45,"column":4},"end":{"line":51,"column":5}},"type":"if","locations":[{"start":{"line":45,"column":4},"end":{"line":51,"column":5}},{"start":{},"end":{}}],"line":45},"6":{"loc":{"start":{"line":56,"column":4},"end":{"line":62,"column":5}},"type":"if","locations":[{"start":{"line":56,"column":4},"end":{"line":62,"column":5}},{"start":{},"end":{}}],"line":56},"7":{"loc":{"start":{"line":79,"column":4},"end":{"line":85,"column":5}},"type":"if","locations":[{"start":{"line":79,"column":4},"end":{"line":85,"column":5}},{"start":{},"end":{}}],"line":79},"8":{"loc":{"start":{"line":102,"column":4},"end":{"line":107,"column":5}},"type":"if","locations":[{"start":{"line":102,"column":4},"end":{"line":107,"column":5}},{"start":{},"end":{}}],"line":102},"9":{"loc":{"start":{"line":140,"column":11},"end":{"line":142,"column":12}},"type":"cond-expr","locations":[{"start":{"line":141,"column":8},"end":{"line":141,"column":55}},{"start":{"line":142,"column":8},"end":{"line":142,"column":12}}],"line":140},"10":{"loc":{"start":{"line":177,"column":16},"end":{"line":177,"column":32}},"type":"binary-expr","locations":[{"start":{"line":177,"column":16},"end":{"line":177,"column":20}},{"start":{"line":177,"column":24},"end":{"line":177,"column":32}}],"line":177}},"s":{"0":45,"1":45,"2":13,"3":4,"4":9,"5":9,"6":2,"7":7,"8":0,"9":7,"10":7,"11":2,"12":5,"13":5,"14":5,"15":2,"16":3,"17":3,"18":17,"19":16,"20":28,"21":9,"22":16,"23":7,"24":3,"25":2,"26":4,"27":6,"28":3,"29":1},"f":{"0":45,"1":13,"2":5,"3":17,"4":28,"5":9,"6":16,"7":7,"8":3,"9":2,"10":4,"11":6,"12":3,"13":1},"b":{"0":[1],"1":[4,9],"2":[13,11],"3":[2,7],"4":[9,7],"5":[0,7],"6":[2,5],"7":[2,3],"8":[16,1],"9":[1,2],"10":[3,2]},"inputSourceMap":null,"_coverageSchema":"1a1c01bbd47fc00a2c39e90264f33305004495a9","hash":"fecea810c49ef9a9956a2b49b4bc14b72f5cf6ff"}
,"C:\\Users\\U.Ramanchanka\\Desktop\\challenge\\edu-ai-challenge-2025\\task 7\\src\\Ship.js": {"path":"C:\\Users\\U.Ramanchanka\\Desktop\\challenge\\edu-ai-challenge-2025\\task 7\\src\\Ship.js","statementMap":{"0":{"start":{"line":12,"column":4},"end":{"line":12,"column":36}},"1":{"start":{"line":13,"column":4},"end":{"line":13,"column":61}},"2":{"start":{"line":22,"column":18},"end":{"line":22,"column":52}},"3":{"start":{"line":23,"column":4},"end":{"line":26,"column":5}},"4":{"start":{"line":24,"column":6},"end":{"line":24,"column":30}},"5":{"start":{"line":25,"column":6},"end":{"line":25,"column":18}},"6":{"start":{"line":27,"column":4},"end":{"line":27,"column":17}},"7":{"start":{"line":36,"column":18},"end":{"line":36,"column":52}},"8":{"start":{"line":37,"column":4},"end":{"line":37,"column":42}},"9":{"start":{"line":46,"column":4},"end":{"line":46,"column":47}},"10":{"start":{"line":54,"column":4},"end":{"line":54,"column":39}},"11":{"start":{"line":54,"column":34},"end":{"line":54,"column":37}},"12":{"start":{"line":62,"column":4},"end":{"line":62,"column":47}},"13":{"start":{"line":62,"column":35},"end":{"line":62,"column":38}},"14":{"start":{"line":70,"column":4},"end":{"line":70,"column":54}},"15":{"start":{"line":78,"column":23},"end":{"line":78,"column":47}},"16":{"start":{"line":79,"column":4},"end":{"line":79,"column":37}},"17":{"start":{"line":80,"column":4},"end":{"line":80,"column":22}},"18":{"start":{"line":88,"column":19},"end":{"line":88,"column":90}},"19":{"start":{"line":89,"column":4},"end":{"line":89,"column":59}}},"fnMap":{"0":{"name":"(anonymous_0)","decl":{"start":{"line":11,"column":2},"end":{"line":11,"column":3}},"loc":{"start":{"line":11,"column":30},"end":{"line":14,"column":3}},"line":11},"1":{"name":"(anonymous_1)","decl":{"start":{"line":21,"column":2},"end":{"line":21,"column":3}},"loc":{"start":{"line":21,"column":18},"end":{"line":28,"column":3}},"line":21},"2":{"name":"(anonymous_2)","decl":{"start":{"line":35,"column":2},"end":{"line":35,"column":3}},"loc":{"start":{"line":35,"column":22},"end":{"line":38,"column":3}},"line":35},"3":{"name":"(anonymous_3)","decl":{"start":{"line":45,"column":2},"end":{"line":45,"column":3}},"loc":{"start":{"line":45,"column":26},"end":{"line":47,"column":3}},"line":45},"4":{"name":"(anonymous_4)","decl":{"start":{"line":53,"column":2},"end":{"line":53,"column":3}},"loc":{"start":{"line":53,"column":11},"end":{"line":55,"column":3}},"line":53},"5":{"name":"(anonymous_5)","decl":{"start":{"line":54,"column":27},"end":{"line":54,"column":28}},"loc":{"start":{"line":54,"column":34},"end":{"line":54,"column":37}},"line":54},"6":{"name":"(anonymous_6)","decl":{"start":{"line":61,"column":2},"end":{"line":61,"column":3}},"loc":{"start":{"line":61,"column":16},"end":{"line":63,"column":3}},"line":61},"7":{"name":"(anonymous_7)","decl":{"start":{"line":62,"column":28},"end":{"line":62,"column":29}},"loc":{"start":{"line":62,"column":35},"end":{"line":62,"column":38}},"line":62},"8":{"name":"(anonymous_8)","decl":{"start":{"line":69,"column":2},"end":{"line":69,"column":3}},"loc":{"start":{"line":69,"column":14},"end":{"line":71,"column":3}},"line":69},"9":{"name":"(anonymous_9)","decl":{"start":{"line":77,"column":2},"end":{"line":77,"column":3}},"loc":{"start":{"line":77,"column":10},"end":{"line":81,"column":3}},"line":77},"10":{"name":"(anonymous_10)","decl":{"start":{"line":87,"column":2},"end":{"line":87,"column":3}},"loc":{"start":{"line":87,"column":13},"end":{"line":90,"column":3}},"line":87}},"branchMap":{"0":{"loc":{"start":{"line":11,"column":14},"end":{"line":11,"column":28}},"type":"default-arg","locations":[{"start":{"line":11,"column":26},"end":{"line":11,"column":28}}],"line":11},"1":{"loc":{"start":{"line":23,"column":4},"end":{"line":26,"column":5}},"type":"if","locations":[{"start":{"line":23,"column":4},"end":{"line":26,"column":5}},{"start":{},"end":{}}],"line":23},"2":{"loc":{"start":{"line":23,"column":8},"end":{"line":23,"column":39}},"type":"binary-expr","locations":[{"start":{"line":23,"column":8},"end":{"line":23,"column":18}},{"start":{"line":23,"column":22},"end":{"line":23,"column":39}}],"line":23},"3":{"loc":{"start":{"line":37,"column":11},"end":{"line":37,"column":41}},"type":"binary-expr","locations":[{"start":{"line":37,"column":11},"end":{"line":37,"column":21}},{"start":{"line":37,"column":25},"end":{"line":37,"column":41}}],"line":37},"4":{"loc":{"start":{"line":88,"column":19},"end":{"line":88,"column":90}},"type":"cond-expr","locations":[{"start":{"line":88,"column":35},"end":{"line":88,"column":41}},{"start":{"line":88,"column":44},"end":{"line":88,"column":90}}],"line":88}},"s":{"0":132,"1":132,"2":37,"3":37,"4":35,"5":35,"6":2,"7":21,"8":21,"9":38,"10":60,"11":129,"12":9,"13":27,"14":6,"15":21,"16":21,"17":21,"18":3,"19":3},"f":{"0":132,"1":37,"2":21,"3":38,"4":60,"5":129,"6":9,"7":27,"8":6,"9":21,"10":3},"b":{"0":[1],"1":[35,2],"2":[37,36],"3":[21,20],"4":[1,2]},"inputSourceMap":null,"_coverageSchema":"1a1c01bbd47fc00a2c39e90264f33305004495a9","hash":"bfd45afa30e74e7383668cc651077df739081280"}
,"C:\\Users\\U.Ramanchanka\\Desktop\\challenge\\edu-ai-challenge-2025\\task 7\\src\\constants.js": {"path":"C:\\Users\\U.Ramanchanka\\Desktop\\challenge\\edu-ai-challenge-2025\\task 7\\src\\constants.js","statementMap":{"0":{"start":{"line":2,"column":26},"end":{"line":2,"column":28}},"1":{"start":{"line":3,"column":25},"end":{"line":3,"column":26}},"2":{"start":{"line":4,"column":27},"end":{"line":4,"column":28}},"3":{"start":{"line":7,"column":27},"end":{"line":12,"column":1}},"4":{"start":{"line":15,"column":25},"end":{"line":18,"column":1}},"5":{"start":{"line":21,"column":24},"end":{"line":34,"column":1}}},"fnMap":{},"branchMap":{},"s":{"0":6,"1":6,"2":6,"3":6,"4":6,"5":6},"f":{},"b":{},"inputSourceMap":null,"_coverageSchema":"1a1c01bbd47fc00a2c39e90264f33305004495a9","hash":"f1a929efea5403b70db9dfc2c79a745bf2989cbb"}
,"C:\\Users\\U.Ramanchanka\\Desktop\\challenge\\edu-ai-challenge-2025\\task 7\\src\\utils.js": {"path":"C:\\Users\\U.Ramanchanka\\Desktop\\challenge\\edu-ai-challenge-2025\\task 7\\src\\utils.js","statementMap":{"0":{"start":{"line":9,"column":33},"end":{"line":11,"column":1}},"1":{"start":{"line":10,"column":2},"end":{"line":10,"column":70}},"2":{"start":{"line":19,"column":32},"end":{"line":21,"column":1}},"3":{"start":{"line":20,"column":2},"end":{"line":20,"column":24}},"4":{"start":{"line":28,"column":31},"end":{"line":37,"column":1}},"5":{"start":{"line":29,"column":2},"end":{"line":31,"column":3}},"6":{"start":{"line":30,"column":4},"end":{"line":30,"column":34}},"7":{"start":{"line":33,"column":14},"end":{"line":33,"column":40}},"8":{"start":{"line":34,"column":14},"end":{"line":34,"column":40}},"9":{"start":{"line":36,"column":2},"end":{"line":36,"column":22}},"10":{"start":{"line":45,"column":38},"end":{"line":54,"column":1}},"11":{"start":{"line":46,"column":19},"end":{"line":51,"column":3}},"12":{"start":{"line":53,"column":2},"end":{"line":53,"column":75}},"13":{"start":{"line":53,"column":34},"end":{"line":53,"column":73}},"14":{"start":{"line":62,"column":28},"end":{"line":64,"column":1}},"15":{"start":{"line":63,"column":2},"end":{"line":63,"column":55}},"16":{"start":{"line":70,"column":32},"end":{"line":72,"column":1}},"17":{"start":{"line":71,"column":2},"end":{"line":71,"column":29}}},"fnMap":{"0":{"name":"(anonymous_0)","decl":{"start":{"line":9,"column":33},"end":{"line":9,"column":34}},"loc":{"start":{"line":9,"column":47},"end":{"line":11,"column":1}},"line":9},"1":{"name":"(anonymous_1)","decl":{"start":{"line":19,"column":32},"end":{"line":19,"column":33}},"loc":{"start":{"line":19,"column":46},"end":{"line":21,"column":1}},"line":19},"2":{"name":"(anonymous_2)","decl":{"start":{"line":28,"column":31},"end":{"line":28,"column":32}},"loc":{"start":{"line":28,"column":50},"end":{"line":37,"column":1}},"line":28},"3":{"name":"(anonymous_3)","decl":{"start":{"line":45,"column":38},"end":{"line":45,"column":39}},"loc":{"start":{"line":45,"column":52},"end":{"line":54,"column":1}},"line":45},"4":{"name":"(anonymous_4)","decl":{"start":{"line":53,"column":25},"end":{"line":53,"column":26}},"loc":{"start":{"line":53,"column":34},"end":{"line":53,"column":73}},"line":53},"5":{"name":"(anonymous_5)","decl":{"start":{"line":62,"column":28},"end":{"line":62,"column":29}},"loc":{"start":{"line":62,"column":42},"end":{"line":64,"column":1}},"line":62},"6":{"name":"(anonymous_6)","decl":{"start":{"line":70,"column":32},"end":{"line":70,"column":33}},"loc":{"start":{"line":70,"column":38},"end":{"line":72,"column":1}},"line":70}},"branchMap":{"0":{"loc":{"start":{"line":10,"column":9},"end":{"line":10,"column":69}},"type":"binary-expr","locations":[{"start":{"line":10,"column":9},"end":{"line":10,"column":17}},{"start":{"line":10,"column":21},"end":{"line":10,"column":37}},{"start":{"line":10,"column":41},"end":{"line":10,"column":49}},{"start":{"line":10,"column":53},"end":{"line":10,"column":69}}],"line":10},"1":{"loc":{"start":{"line":29,"column":2},"end":{"line":31,"column":3}},"type":"if","locations":[{"start":{"line":29,"column":2},"end":{"line":31,"column":3}},{"start":{},"end":{}}],"line":29},"2":{"loc":{"start":{"line":29,"column":6},"end":{"line":29,"column":50}},"type":"binary-expr","locations":[{"start":{"line":29,"column":6},"end":{"line":29,"column":20}},{"start":{"line":29,"column":24},"end":{"line":29,"column":50}}],"line":29}},"s":{"0":5,"1":1508,"2":5,"3":285,"4":5,"5":17,"6":5,"7":12,"8":12,"9":12,"10":5,"11":7,"12":7,"13":28,"14":5,"15":2243,"16":5,"17":1177},"f":{"0":1508,"1":285,"2":17,"3":7,"4":28,"5":2243,"6":1177},"b":{"0":[1508,1503,1500,1497],"1":[5,12],"2":[17,15]},"inputSourceMap":null,"_coverageSchema":"1a1c01bbd47fc00a2c39e90264f33305004495a9","hash":"b7c425e6177faf6511aa608e901db9c26f333bf8"}
}
