TN:
SF:src\Board.js
FN:13,(anonymous_0)
FN:24,(anonymous_1)
FN:25,(anonymous_2)
FN:35,(anonymous_3)
FN:65,(anonymous_4)
FN:86,(anonymous_5)
FN:106,(anonymous_6)
FN:122,(anonymous_7)
FN:123,(anonymous_8)
FN:141,(anonymous_9)
FN:193,(anonymous_10)
FN:194,(anonymous_11)
FN:201,(anonymous_12)
FN:211,(anonymous_13)
FN:222,(anonymous_14)
FN:223,(anonymous_15)
FN:230,(anonymous_16)
FN:231,(anonymous_17)
FN:238,(anonymous_18)
FN:245,(anonymous_19)
FNF:20
FNH:20
FNDA:57,(anonymous_0)
FNDA:85,(anonymous_1)
FNDA:850,(anonymous_2)
FNDA:25,(anonymous_3)
FNDA:1067,(anonymous_4)
FNDA:1071,(anonymous_5)
FNDA:88,(anonymous_6)
FNDA:88,(anonymous_7)
FNDA:264,(anonymous_8)
FNDA:24,(anonymous_9)
FNDA:17,(anonymous_10)
FNDA:22,(anonymous_11)
FNDA:3,(anonymous_12)
FNDA:7,(anonymous_13)
FNDA:48,(anonymous_14)
FNDA:480,(anonymous_15)
FNDA:11,(anonymous_16)
FNDA:19,(anonymous_17)
FNDA:4,(anonymous_18)
FNDA:3,(anonymous_19)
DA:14,57
DA:15,57
DA:16,57
DA:17,57
DA:25,85
DA:26,850
DA:36,25
DA:37,25
DA:39,25
DA:40,25
DA:41,25
DA:43,25
DA:44,1067
DA:46,1067
DA:47,1067
DA:49,1067
DA:50,88
DA:51,88
DA:52,88
DA:53,88
DA:57,25
DA:66,1067
DA:67,524
DA:72,543
DA:87,1071
DA:88,1458
DA:89,1458
DA:91,1458
DA:93,981
DA:96,90
DA:107,88
DA:109,88
DA:110,264
DA:111,264
DA:112,264
DA:115,88
DA:123,88
DA:124,264
DA:125,264
DA:127,264
DA:128,54
DA:131,210
DA:142,24
DA:143,1
DA:151,23
DA:152,23
DA:153,23
DA:156,23
DA:157,33
DA:158,16
DA:159,0
DA:167,16
DA:168,16
DA:170,16
DA:180,7
DA:181,7
DA:194,22
DA:202,3
DA:212,7
DA:213,2
DA:215,5
DA:223,480
DA:231,19
DA:239,4
DA:246,3
DA:247,3
DA:248,3
LF:67
LH:66
BRDA:13,0,0,0
BRDA:43,1,0,1092
BRDA:43,1,1,1068
BRDA:46,2,0,524
BRDA:46,2,1,543
BRDA:49,3,0,88
BRDA:49,3,1,979
BRDA:66,4,0,524
BRDA:66,4,1,543
BRDA:88,5,0,718
BRDA:88,5,1,740
BRDA:89,6,0,718
BRDA:89,6,1,740
BRDA:91,7,0,981
BRDA:91,7,1,477
BRDA:91,8,0,1458
BRDA:91,8,1,1457
BRDA:110,9,0,129
BRDA:110,9,1,135
BRDA:111,10,0,129
BRDA:111,10,1,135
BRDA:127,11,0,54
BRDA:127,11,1,210
BRDA:142,12,0,1
BRDA:142,12,1,23
BRDA:157,13,0,16
BRDA:157,13,1,17
BRDA:158,14,0,0
BRDA:158,14,1,16
BRDA:174,15,0,5
BRDA:174,15,1,11
BRDA:212,16,0,2
BRDA:212,16,1,5
BRF:33
BRH:31
end_of_record
TN:
SF:src\CPU.js
FN:12,(anonymous_0)
FN:25,(anonymous_1)
FN:50,(anonymous_2)
FN:60,(anonymous_3)
FN:75,(anonymous_4)
FN:100,(anonymous_5)
FN:106,(anonymous_6)
FN:121,(anonymous_7)
FN:135,(anonymous_8)
FN:147,(anonymous_9)
FN:148,(anonymous_10)
FN:155,(anonymous_11)
FN:163,(anonymous_12)
FN:171,(anonymous_13)
FN:179,(anonymous_14)
FN:187,(anonymous_15)
FN:195,(anonymous_16)
FN:204,(anonymous_17)
FN:212,(anonymous_18)
FN:219,(anonymous_19)
FN:230,(anonymous_20)
FN:245,(anonymous_21)
FN:253,(anonymous_22)
FN:261,(anonymous_23)
FNF:24
FNH:24
FNDA:44,(anonymous_0)
FNDA:4,(anonymous_1)
FNDA:4,(anonymous_2)
FNDA:2,(anonymous_3)
FNDA:5,(anonymous_4)
FNDA:4,(anonymous_5)
FNDA:14,(anonymous_6)
FNDA:14,(anonymous_7)
FNDA:9,(anonymous_8)
FNDA:30,(anonymous_9)
FNDA:7,(anonymous_10)
FNDA:8,(anonymous_11)
FNDA:11,(anonymous_12)
FNDA:4,(anonymous_13)
FNDA:27,(anonymous_14)
FNDA:15,(anonymous_15)
FNDA:10,(anonymous_16)
FNDA:1,(anonymous_17)
FNDA:1,(anonymous_18)
FNDA:2,(anonymous_19)
FNDA:5,(anonymous_20)
FNDA:5,(anonymous_21)
FNDA:2,(anonymous_22)
FNDA:1,(anonymous_23)
DA:13,44
DA:14,44
DA:15,44
DA:16,44
DA:17,44
DA:27,4
DA:28,4
DA:30,4
DA:31,4
DA:32,1
DA:34,3
DA:35,3
DA:37,4
DA:41,4
DA:43,4
DA:51,4
DA:52,4
DA:53,4
DA:61,2
DA:62,1
DA:63,1
DA:66,1
DA:76,5
DA:77,2
DA:79,2
DA:81,1
DA:82,1
DA:85,1
DA:86,1
DA:90,3
DA:91,1
DA:101,4
DA:102,4
DA:104,4
DA:106,4
DA:107,14
DA:110,14
DA:112,13
DA:122,14
DA:123,14
DA:136,9
DA:148,30
DA:156,8
DA:164,11
DA:172,4
DA:180,27
DA:188,15
DA:196,10
DA:197,4
DA:205,1
DA:213,1
DA:220,2
DA:221,2
DA:222,2
DA:223,2
DA:231,5
DA:246,5
DA:254,2
DA:262,1
LF:59
LH:59
BRDA:12,0,0,1
BRDA:25,1,0,2
BRDA:31,2,0,1
BRDA:31,2,1,3
BRDA:31,3,0,4
BRDA:31,3,1,1
BRDA:38,4,0,4
BRDA:38,4,1,0
BRDA:61,5,0,1
BRDA:61,5,1,1
BRDA:76,6,0,2
BRDA:76,6,1,3
BRDA:79,7,0,1
BRDA:79,7,1,1
BRDA:90,8,0,1
BRDA:90,8,1,2
BRDA:90,9,0,3
BRDA:90,9,1,1
BRDA:110,10,0,13
BRDA:110,10,1,1
BRDA:110,11,0,14
BRDA:110,11,1,14
BRDA:122,12,0,14
BRDA:122,12,1,0
BRDA:196,13,0,6
BRDA:196,13,1,4
BRDA:254,14,0,2
BRDA:254,14,1,1
BRF:28
BRH:26
end_of_record
TN:
SF:src\Display.js
FN:12,(anonymous_0)
FN:32,(anonymous_1)
FN:46,(anonymous_2)
FN:61,(anonymous_3)
FN:78,(anonymous_4)
FN:86,(anonymous_5)
FN:94,(anonymous_6)
FN:102,(anonymous_7)
FN:110,(anonymous_8)
FN:123,(anonymous_9)
FN:137,(anonymous_10)
FN:159,(anonymous_11)
FN:166,(anonymous_12)
FNF:13
FNH:8
FNDA:2,(anonymous_0)
FNDA:2,(anonymous_1)
FNDA:40,(anonymous_2)
FNDA:0,(anonymous_3)
FNDA:16,(anonymous_4)
FNDA:1,(anonymous_5)
FNDA:6,(anonymous_6)
FNDA:0,(anonymous_7)
FNDA:2,(anonymous_8)
FNDA:0,(anonymous_9)
FNDA:2,(anonymous_10)
FNDA:0,(anonymous_11)
FNDA:0,(anonymous_12)
DA:13,2
DA:16,2
DA:17,2
DA:20,2
DA:21,20
DA:22,20
DA:23,20
DA:25,2
DA:33,2
DA:34,2
DA:35,20
DA:37,2
DA:47,40
DA:48,40
DA:50,400
DA:51,400
DA:53,40
DA:62,0
DA:64,0
DA:65,0
DA:67,0
DA:68,0
DA:69,0
DA:71,0
DA:79,16
DA:87,1
DA:95,6
DA:103,0
DA:111,2
DA:112,2
DA:113,2
DA:114,2
DA:115,2
DA:116,2
DA:117,2
DA:124,0
DA:125,0
DA:126,0
DA:127,0
DA:128,0
DA:129,0
DA:138,2
DA:139,2
DA:141,2
DA:142,1
DA:143,1
DA:145,1
DA:146,1
DA:149,2
DA:151,2
DA:152,2
DA:160,0
DA:167,0
LF:53
LH:37
BRDA:50,0,0,0
BRDA:50,0,1,400
BRDA:61,1,0,0
BRDA:116,2,0,2
BRDA:116,2,1,0
BRDA:137,3,0,0
BRDA:141,4,0,1
BRDA:141,4,1,1
BRDA:151,5,0,2
BRDA:151,5,1,0
BRF:10
BRH:5
end_of_record
TN:
SF:src\Game.js
FN:15,(anonymous_0)
FN:35,(anonymous_1)
FN:51,(anonymous_2)
FN:72,(anonymous_3)
FN:116,(anonymous_4)
FN:117,(anonymous_5)
FN:118,(anonymous_6)
FN:154,(anonymous_7)
FN:185,(anonymous_8)
FN:219,(anonymous_9)
FN:237,(anonymous_10)
FN:251,(anonymous_11)
FN:261,(anonymous_12)
FNF:13
FNH:8
FNDA:17,(anonymous_0)
FNDA:0,(anonymous_1)
FNDA:7,(anonymous_2)
FNDA:0,(anonymous_3)
FNDA:0,(anonymous_4)
FNDA:0,(anonymous_5)
FNDA:0,(anonymous_6)
FNDA:1,(anonymous_7)
FNDA:2,(anonymous_8)
FNDA:3,(anonymous_9)
FNDA:1,(anonymous_10)
FNDA:17,(anonymous_11)
FNDA:2,(anonymous_12)
DA:16,17
DA:17,17
DA:18,17
DA:19,17
DA:20,17
DA:21,17
DA:22,17
DA:23,17
DA:26,17
DA:36,0
DA:38,0
DA:39,0
DA:40,0
DA:42,0
DA:43,0
DA:52,7
DA:55,7
DA:56,7
DA:58,7
DA:59,1
DA:60,1
DA:63,6
DA:64,6
DA:66,6
DA:73,0
DA:75,0
DA:76,0
DA:77,0
DA:80,0
DA:81,0
DA:82,0
DA:86,0
DA:89,0
DA:91,0
DA:92,0
DA:96,0
DA:97,0
DA:98,0
DA:102,0
DA:105,0
DA:106,0
DA:107,0
DA:117,0
DA:118,0
DA:119,0
DA:121,0
DA:122,0
DA:123,0
DA:124,0
DA:128,0
DA:130,0
DA:131,0
DA:132,0
DA:133,0
DA:137,0
DA:138,0
DA:139,0
DA:140,0
DA:143,0
DA:146,0
DA:155,1
DA:158,1
DA:161,1
DA:164,1
DA:167,1
DA:168,0
DA:169,0
DA:170,0
DA:173,1
DA:177,1
DA:178,1
DA:186,2
DA:187,2
DA:188,2
DA:191,2
DA:194,2
DA:195,2
DA:198,2
DA:209,2
DA:212,2
DA:220,3
DA:238,1
DA:239,1
DA:240,1
DA:241,1
DA:242,1
DA:243,1
DA:244,1
DA:245,1
DA:252,17
DA:253,17
DA:262,2
DA:266,2
LF:93
LH:48
BRDA:38,0,0,0
BRDA:38,0,1,0
BRDA:58,1,0,1
BRDA:58,1,1,6
BRDA:58,2,0,7
BRDA:58,2,1,6
BRDA:75,3,0,0
BRDA:75,3,1,0
BRDA:80,4,0,0
BRDA:80,4,1,0
BRDA:91,5,0,0
BRDA:91,5,1,0
BRDA:96,6,0,0
BRDA:96,6,1,0
BRDA:105,7,0,0
BRDA:105,7,1,0
BRDA:121,8,0,0
BRDA:121,8,1,0
BRDA:130,9,0,0
BRDA:130,9,1,0
BRDA:137,10,0,0
BRDA:137,10,1,0
BRDA:139,11,0,0
BRDA:139,11,1,0
BRDA:167,12,0,0
BRDA:167,12,1,1
BRDA:169,13,0,0
BRDA:169,13,1,0
BRDA:188,14,0,1
BRDA:188,14,1,1
BRDA:252,15,0,17
BRDA:252,15,1,0
BRDA:262,16,0,1
BRDA:262,16,1,1
BRDA:262,17,0,2
BRDA:262,17,1,1
BRDA:264,18,0,1
BRDA:264,18,1,0
BRF:38
BRH:13
end_of_record
TN:
SF:src\Player.js
FN:12,(anonymous_0)
FN:22,(anonymous_1)
FN:76,(anonymous_2)
FN:101,(anonymous_3)
FN:115,(anonymous_4)
FN:116,(anonymous_5)
FN:123,(anonymous_6)
FN:131,(anonymous_7)
FN:139,(anonymous_8)
FN:148,(anonymous_9)
FN:156,(anonymous_10)
FN:168,(anonymous_11)
FN:176,(anonymous_12)
FN:184,(anonymous_13)
FNF:14
FNH:14
FNDA:45,(anonymous_0)
FNDA:13,(anonymous_1)
FNDA:5,(anonymous_2)
FNDA:17,(anonymous_3)
FNDA:28,(anonymous_4)
FNDA:9,(anonymous_5)
FNDA:16,(anonymous_6)
FNDA:7,(anonymous_7)
FNDA:3,(anonymous_8)
FNDA:2,(anonymous_9)
FNDA:4,(anonymous_10)
FNDA:6,(anonymous_11)
FNDA:3,(anonymous_12)
FNDA:1,(anonymous_13)
DA:13,45
DA:14,45
DA:24,13
DA:25,4
DA:33,9
DA:36,9
DA:37,2
DA:45,7
DA:46,0
DA:53,7
DA:56,7
DA:57,2
DA:64,5
DA:77,5
DA:79,5
DA:80,2
DA:88,3
DA:90,3
DA:102,17
DA:103,16
DA:116,28
DA:124,16
DA:132,7
DA:140,3
DA:149,2
DA:157,4
DA:169,6
DA:177,3
DA:185,1
LF:29
LH:28
BRDA:12,0,0,1
BRDA:24,1,0,4
BRDA:24,1,1,9
BRDA:24,2,0,13
BRDA:24,2,1,11
BRDA:36,3,0,2
BRDA:36,3,1,7
BRDA:36,4,0,9
BRDA:36,4,1,7
BRDA:45,5,0,0
BRDA:45,5,1,7
BRDA:56,6,0,2
BRDA:56,6,1,5
BRDA:79,7,0,2
BRDA:79,7,1,3
BRDA:102,8,0,16
BRDA:102,8,1,1
BRDA:140,9,0,1
BRDA:140,9,1,2
BRDA:177,10,0,3
BRDA:177,10,1,2
BRF:21
BRH:20
end_of_record
TN:
SF:src\Ship.js
FN:11,(anonymous_0)
FN:21,(anonymous_1)
FN:35,(anonymous_2)
FN:45,(anonymous_3)
FN:53,(anonymous_4)
FN:54,(anonymous_5)
FN:61,(anonymous_6)
FN:62,(anonymous_7)
FN:69,(anonymous_8)
FN:77,(anonymous_9)
FN:87,(anonymous_10)
FNF:11
FNH:11
FNDA:132,(anonymous_0)
FNDA:37,(anonymous_1)
FNDA:21,(anonymous_2)
FNDA:38,(anonymous_3)
FNDA:60,(anonymous_4)
FNDA:129,(anonymous_5)
FNDA:9,(anonymous_6)
FNDA:27,(anonymous_7)
FNDA:6,(anonymous_8)
FNDA:21,(anonymous_9)
FNDA:3,(anonymous_10)
DA:12,132
DA:13,132
DA:22,37
DA:23,37
DA:24,35
DA:25,35
DA:27,2
DA:36,21
DA:37,21
DA:46,38
DA:54,129
DA:62,27
DA:70,6
DA:78,21
DA:79,21
DA:80,21
DA:88,3
DA:89,3
LF:18
LH:18
BRDA:11,0,0,1
BRDA:23,1,0,35
BRDA:23,1,1,2
BRDA:23,2,0,37
BRDA:23,2,1,36
BRDA:37,3,0,21
BRDA:37,3,1,20
BRDA:88,4,0,1
BRDA:88,4,1,2
BRF:9
BRH:9
end_of_record
TN:
SF:src\constants.js
FNF:0
FNH:0
DA:2,6
DA:3,6
DA:4,6
DA:7,6
DA:15,6
DA:21,6
LF:6
LH:6
BRF:0
BRH:0
end_of_record
TN:
SF:src\utils.js
FN:9,(anonymous_0)
FN:19,(anonymous_1)
FN:28,(anonymous_2)
FN:45,(anonymous_3)
FN:53,(anonymous_4)
FN:62,(anonymous_5)
FN:70,(anonymous_6)
FNF:7
FNH:7
FNDA:1508,(anonymous_0)
FNDA:285,(anonymous_1)
FNDA:17,(anonymous_2)
FNDA:7,(anonymous_3)
FNDA:28,(anonymous_4)
FNDA:2243,(anonymous_5)
FNDA:1177,(anonymous_6)
DA:9,5
DA:10,1508
DA:19,5
DA:20,285
DA:28,5
DA:29,17
DA:30,5
DA:33,12
DA:34,12
DA:36,12
DA:45,5
DA:46,7
DA:53,28
DA:62,5
DA:63,2243
DA:70,5
DA:71,1177
LF:17
LH:17
BRDA:10,0,0,1508
BRDA:10,0,1,1503
BRDA:10,0,2,1500
BRDA:10,0,3,1497
BRDA:29,1,0,5
BRDA:29,1,1,12
BRDA:29,2,0,17
BRDA:29,2,1,15
BRF:8
BRH:8
end_of_record
